<?xml version="1.0" encoding="UTF-8"?>
<testsuite name="com.emc.adapt.AwsTest" tests="7" failures="6" errors="0" timestamp="2015-02-03T19:24:23" hostname="usxxpetera5m1.corp.emc.com" time="7.567">
  <properties/>
  <testcase name="testMultipartUpload" classname="com.emc.adapt.AwsTest" time="5.382">
    <failure message="com.amazonaws.AmazonClientException: Unable to complete transfer: null" type="com.amazonaws.AmazonClientException">com.amazonaws.AmazonClientException: Unable to complete transfer: null
	at com.amazonaws.services.s3.transfer.internal.AbstractTransfer.unwrapExecutionException(AbstractTransfer.java:300)
	at com.amazonaws.services.s3.transfer.internal.AbstractTransfer.rethrowExecutionException(AbstractTransfer.java:284)
	at com.amazonaws.services.s3.transfer.internal.AbstractTransfer.waitForCompletion(AbstractTransfer.java:125)
	at com.emc.adapt.AwsTest.testMultipartUpload(AwsTest.java:186)
	at sun.reflect.NativeMethodAccessorImpl.invoke0(Native Method)
	at sun.reflect.NativeMethodAccessorImpl.invoke(NativeMethodAccessorImpl.java:57)
	at sun.reflect.DelegatingMethodAccessorImpl.invoke(DelegatingMethodAccessorImpl.java:43)
	at java.lang.reflect.Method.invoke(Method.java:606)
	at org.junit.runners.model.FrameworkMethod$1.runReflectiveCall(FrameworkMethod.java:47)
	at org.junit.internal.runners.model.ReflectiveCallable.run(ReflectiveCallable.java:12)
	at org.junit.runners.model.FrameworkMethod.invokeExplosively(FrameworkMethod.java:44)
	at org.junit.internal.runners.statements.InvokeMethod.evaluate(InvokeMethod.java:17)
	at org.junit.internal.runners.statements.RunAfters.evaluate(RunAfters.java:27)
	at org.junit.runners.ParentRunner.runLeaf(ParentRunner.java:271)
	at org.junit.runners.BlockJUnit4ClassRunner.runChild(BlockJUnit4ClassRunner.java:70)
	at org.junit.runners.BlockJUnit4ClassRunner.runChild(BlockJUnit4ClassRunner.java:50)
	at org.junit.runners.ParentRunner$3.run(ParentRunner.java:238)
	at org.junit.runners.ParentRunner$1.schedule(ParentRunner.java:63)
	at org.junit.runners.ParentRunner.runChildren(ParentRunner.java:236)
	at org.junit.runners.ParentRunner.access$000(ParentRunner.java:53)
	at org.junit.runners.ParentRunner$2.evaluate(ParentRunner.java:229)
	at org.junit.internal.runners.statements.RunBefores.evaluate(RunBefores.java:26)
	at org.junit.runners.ParentRunner.run(ParentRunner.java:309)
	at org.gradle.api.internal.tasks.testing.junit.JUnitTestClassExecuter.runTestClass(JUnitTestClassExecuter.java:86)
	at org.gradle.api.internal.tasks.testing.junit.JUnitTestClassExecuter.execute(JUnitTestClassExecuter.java:49)
	at org.gradle.api.internal.tasks.testing.junit.JUnitTestClassProcessor.processTestClass(JUnitTestClassProcessor.java:69)
	at org.gradle.api.internal.tasks.testing.SuiteTestClassProcessor.processTestClass(SuiteTestClassProcessor.java:50)
	at sun.reflect.NativeMethodAccessorImpl.invoke0(Native Method)
	at sun.reflect.NativeMethodAccessorImpl.invoke(NativeMethodAccessorImpl.java:57)
	at sun.reflect.DelegatingMethodAccessorImpl.invoke(DelegatingMethodAccessorImpl.java:43)
	at java.lang.reflect.Method.invoke(Method.java:606)
	at org.gradle.messaging.dispatch.ReflectionDispatch.dispatch(ReflectionDispatch.java:35)
	at org.gradle.messaging.dispatch.ReflectionDispatch.dispatch(ReflectionDispatch.java:24)
	at org.gradle.messaging.dispatch.ContextClassLoaderDispatch.dispatch(ContextClassLoaderDispatch.java:32)
	at org.gradle.messaging.dispatch.ProxyDispatchAdapter$DispatchingInvocationHandler.invoke(ProxyDispatchAdapter.java:93)
	at com.sun.proxy.$Proxy2.processTestClass(Unknown Source)
	at org.gradle.api.internal.tasks.testing.worker.TestWorker.processTestClass(TestWorker.java:105)
	at sun.reflect.NativeMethodAccessorImpl.invoke0(Native Method)
	at sun.reflect.NativeMethodAccessorImpl.invoke(NativeMethodAccessorImpl.java:57)
	at sun.reflect.DelegatingMethodAccessorImpl.invoke(DelegatingMethodAccessorImpl.java:43)
	at java.lang.reflect.Method.invoke(Method.java:606)
	at org.gradle.messaging.dispatch.ReflectionDispatch.dispatch(ReflectionDispatch.java:35)
	at org.gradle.messaging.dispatch.ReflectionDispatch.dispatch(ReflectionDispatch.java:24)
	at org.gradle.messaging.remote.internal.hub.MessageHub$Handler.run(MessageHub.java:355)
	at org.gradle.internal.concurrent.DefaultExecutorFactory$StoppableExecutorImpl$1.run(DefaultExecutorFactory.java:64)
	at java.util.concurrent.ThreadPoolExecutor.runWorker(ThreadPoolExecutor.java:1145)
	at java.util.concurrent.ThreadPoolExecutor$Worker.run(ThreadPoolExecutor.java:615)
	at java.lang.Thread.run(Thread.java:745)
Caused by: java.lang.NullPointerException
	at com.emc.adapt.SmartClientAdapter.initiateMultipartUpload(SmartClientAdapter.java:1542)
	at com.amazonaws.services.s3.transfer.internal.UploadCallable.initiateMultipartUpload(UploadCallable.java:248)
	at com.amazonaws.services.s3.transfer.internal.UploadCallable.uploadInParts(UploadCallable.java:132)
	at com.amazonaws.services.s3.transfer.internal.UploadCallable.call(UploadCallable.java:100)
	at com.amazonaws.services.s3.transfer.internal.UploadMonitor.upload(UploadMonitor.java:192)
	at com.amazonaws.services.s3.transfer.internal.UploadMonitor.call(UploadMonitor.java:150)
	at com.amazonaws.services.s3.transfer.internal.UploadMonitor.call(UploadMonitor.java:50)
	at java.util.concurrent.FutureTask.run(FutureTask.java:262)
	... 3 more
</failure>
  </testcase>
  <testcase name="testCrudKeys" classname="com.emc.adapt.AwsTest" time="0.407">
    <failure message="java.lang.UnsupportedOperationException: you must specify a content length with an input stream" type="java.lang.UnsupportedOperationException">java.lang.UnsupportedOperationException: you must specify a content length with an input stream
	at com.emc.object.AbstractJerseyClient.executeRequest(AbstractJerseyClient.java:49)
	at com.emc.object.AbstractJerseyClient.executeAndClose(AbstractJerseyClient.java:26)
	at com.emc.object.s3.jersey.S3JerseyClient.putObject(S3JerseyClient.java:252)
	at com.emc.adapt.SmartClientAdapter.putObject(SmartClientAdapter.java:839)
	at com.emc.adapt.AwsTest.testCrudKeys(AwsTest.java:96)
	at sun.reflect.NativeMethodAccessorImpl.invoke0(Native Method)
	at sun.reflect.NativeMethodAccessorImpl.invoke(NativeMethodAccessorImpl.java:57)
	at sun.reflect.DelegatingMethodAccessorImpl.invoke(DelegatingMethodAccessorImpl.java:43)
	at java.lang.reflect.Method.invoke(Method.java:606)
	at org.junit.runners.model.FrameworkMethod$1.runReflectiveCall(FrameworkMethod.java:47)
	at org.junit.internal.runners.model.ReflectiveCallable.run(ReflectiveCallable.java:12)
	at org.junit.runners.model.FrameworkMethod.invokeExplosively(FrameworkMethod.java:44)
	at org.junit.internal.runners.statements.InvokeMethod.evaluate(InvokeMethod.java:17)
	at org.junit.internal.runners.statements.RunAfters.evaluate(RunAfters.java:27)
	at org.junit.runners.ParentRunner.runLeaf(ParentRunner.java:271)
	at org.junit.runners.BlockJUnit4ClassRunner.runChild(BlockJUnit4ClassRunner.java:70)
	at org.junit.runners.BlockJUnit4ClassRunner.runChild(BlockJUnit4ClassRunner.java:50)
	at org.junit.runners.ParentRunner$3.run(ParentRunner.java:238)
	at org.junit.runners.ParentRunner$1.schedule(ParentRunner.java:63)
	at org.junit.runners.ParentRunner.runChildren(ParentRunner.java:236)
	at org.junit.runners.ParentRunner.access$000(ParentRunner.java:53)
	at org.junit.runners.ParentRunner$2.evaluate(ParentRunner.java:229)
	at org.junit.internal.runners.statements.RunBefores.evaluate(RunBefores.java:26)
	at org.junit.runners.ParentRunner.run(ParentRunner.java:309)
	at org.gradle.api.internal.tasks.testing.junit.JUnitTestClassExecuter.runTestClass(JUnitTestClassExecuter.java:86)
	at org.gradle.api.internal.tasks.testing.junit.JUnitTestClassExecuter.execute(JUnitTestClassExecuter.java:49)
	at org.gradle.api.internal.tasks.testing.junit.JUnitTestClassProcessor.processTestClass(JUnitTestClassProcessor.java:69)
	at org.gradle.api.internal.tasks.testing.SuiteTestClassProcessor.processTestClass(SuiteTestClassProcessor.java:50)
	at sun.reflect.NativeMethodAccessorImpl.invoke0(Native Method)
	at sun.reflect.NativeMethodAccessorImpl.invoke(NativeMethodAccessorImpl.java:57)
	at sun.reflect.DelegatingMethodAccessorImpl.invoke(DelegatingMethodAccessorImpl.java:43)
	at java.lang.reflect.Method.invoke(Method.java:606)
	at org.gradle.messaging.dispatch.ReflectionDispatch.dispatch(ReflectionDispatch.java:35)
	at org.gradle.messaging.dispatch.ReflectionDispatch.dispatch(ReflectionDispatch.java:24)
	at org.gradle.messaging.dispatch.ContextClassLoaderDispatch.dispatch(ContextClassLoaderDispatch.java:32)
	at org.gradle.messaging.dispatch.ProxyDispatchAdapter$DispatchingInvocationHandler.invoke(ProxyDispatchAdapter.java:93)
	at com.sun.proxy.$Proxy2.processTestClass(Unknown Source)
	at org.gradle.api.internal.tasks.testing.worker.TestWorker.processTestClass(TestWorker.java:105)
	at sun.reflect.NativeMethodAccessorImpl.invoke0(Native Method)
	at sun.reflect.NativeMethodAccessorImpl.invoke(NativeMethodAccessorImpl.java:57)
	at sun.reflect.DelegatingMethodAccessorImpl.invoke(DelegatingMethodAccessorImpl.java:43)
	at java.lang.reflect.Method.invoke(Method.java:606)
	at org.gradle.messaging.dispatch.ReflectionDispatch.dispatch(ReflectionDispatch.java:35)
	at org.gradle.messaging.dispatch.ReflectionDispatch.dispatch(ReflectionDispatch.java:24)
	at org.gradle.messaging.remote.internal.hub.MessageHub$Handler.run(MessageHub.java:355)
	at org.gradle.internal.concurrent.DefaultExecutorFactory$StoppableExecutorImpl$1.run(DefaultExecutorFactory.java:64)
	at java.util.concurrent.ThreadPoolExecutor.runWorker(ThreadPoolExecutor.java:1145)
	at java.util.concurrent.ThreadPoolExecutor$Worker.run(ThreadPoolExecutor.java:615)
	at java.lang.Thread.run(Thread.java:745)
</failure>
  </testcase>
  <testcase name="testDeleteNonEmptyBucket" classname="com.emc.adapt.AwsTest" time="0.288">
    <failure message="com.emc.object.s3.S3Exception: The requested bucket name is not available. The bucket namespace is shared by all users of the system. Please select a different name and try again." type="com.emc.object.s3.S3Exception">com.emc.object.s3.S3Exception: The requested bucket name is not available. The bucket namespace is shared by all users of the system. Please select a different name and try again.
	at com.emc.object.s3.jersey.ErrorResponseFilter.parseErrorResponse(ErrorResponseFilter.java:65)
	at com.emc.object.s3.jersey.ErrorResponseFilter.filter(ErrorResponseFilter.java:30)
	at org.glassfish.jersey.client.ClientFilteringStages$ResponseFilterStage.apply(ClientFilteringStages.java:134)
	at org.glassfish.jersey.client.ClientFilteringStages$ResponseFilterStage.apply(ClientFilteringStages.java:123)
	at org.glassfish.jersey.process.internal.Stages.process(Stages.java:171)
	at org.glassfish.jersey.client.ClientRuntime.invoke(ClientRuntime.java:251)
	at org.glassfish.jersey.client.JerseyInvocation$1.call(JerseyInvocation.java:667)
	at org.glassfish.jersey.client.JerseyInvocation$1.call(JerseyInvocation.java:664)
	at org.glassfish.jersey.internal.Errors.process(Errors.java:315)
	at org.glassfish.jersey.internal.Errors.process(Errors.java:297)
	at org.glassfish.jersey.internal.Errors.process(Errors.java:228)
	at org.glassfish.jersey.process.internal.RequestScope.runInScope(RequestScope.java:443)
	at org.glassfish.jersey.client.JerseyInvocation.invoke(JerseyInvocation.java:664)
	at org.glassfish.jersey.client.JerseyInvocation$Builder.method(JerseyInvocation.java:424)
	at com.emc.object.AbstractJerseyClient.executeRequest(AbstractJerseyClient.java:54)
	at com.emc.object.AbstractJerseyClient.executeAndClose(AbstractJerseyClient.java:26)
	at com.emc.object.s3.jersey.S3JerseyClient.createBucket(S3JerseyClient.java:123)
	at com.emc.object.s3.jersey.S3JerseyClient.createBucket(S3JerseyClient.java:118)
	at com.emc.adapt.SmartClientAdapter.createBucket(SmartClientAdapter.java:453)
	at com.emc.adapt.AwsTest.testDeleteNonEmptyBucket(AwsTest.java:74)
	at sun.reflect.NativeMethodAccessorImpl.invoke0(Native Method)
	at sun.reflect.NativeMethodAccessorImpl.invoke(NativeMethodAccessorImpl.java:57)
	at sun.reflect.DelegatingMethodAccessorImpl.invoke(DelegatingMethodAccessorImpl.java:43)
	at java.lang.reflect.Method.invoke(Method.java:606)
	at org.junit.runners.model.FrameworkMethod$1.runReflectiveCall(FrameworkMethod.java:47)
	at org.junit.internal.runners.model.ReflectiveCallable.run(ReflectiveCallable.java:12)
	at org.junit.runners.model.FrameworkMethod.invokeExplosively(FrameworkMethod.java:44)
	at org.junit.internal.runners.statements.InvokeMethod.evaluate(InvokeMethod.java:17)
	at org.junit.internal.runners.statements.RunAfters.evaluate(RunAfters.java:27)
	at org.junit.runners.ParentRunner.runLeaf(ParentRunner.java:271)
	at org.junit.runners.BlockJUnit4ClassRunner.runChild(BlockJUnit4ClassRunner.java:70)
	at org.junit.runners.BlockJUnit4ClassRunner.runChild(BlockJUnit4ClassRunner.java:50)
	at org.junit.runners.ParentRunner$3.run(ParentRunner.java:238)
	at org.junit.runners.ParentRunner$1.schedule(ParentRunner.java:63)
	at org.junit.runners.ParentRunner.runChildren(ParentRunner.java:236)
	at org.junit.runners.ParentRunner.access$000(ParentRunner.java:53)
	at org.junit.runners.ParentRunner$2.evaluate(ParentRunner.java:229)
	at org.junit.internal.runners.statements.RunBefores.evaluate(RunBefores.java:26)
	at org.junit.runners.ParentRunner.run(ParentRunner.java:309)
	at org.gradle.api.internal.tasks.testing.junit.JUnitTestClassExecuter.runTestClass(JUnitTestClassExecuter.java:86)
	at org.gradle.api.internal.tasks.testing.junit.JUnitTestClassExecuter.execute(JUnitTestClassExecuter.java:49)
	at org.gradle.api.internal.tasks.testing.junit.JUnitTestClassProcessor.processTestClass(JUnitTestClassProcessor.java:69)
	at org.gradle.api.internal.tasks.testing.SuiteTestClassProcessor.processTestClass(SuiteTestClassProcessor.java:50)
	at sun.reflect.NativeMethodAccessorImpl.invoke0(Native Method)
	at sun.reflect.NativeMethodAccessorImpl.invoke(NativeMethodAccessorImpl.java:57)
	at sun.reflect.DelegatingMethodAccessorImpl.invoke(DelegatingMethodAccessorImpl.java:43)
	at java.lang.reflect.Method.invoke(Method.java:606)
	at org.gradle.messaging.dispatch.ReflectionDispatch.dispatch(ReflectionDispatch.java:35)
	at org.gradle.messaging.dispatch.ReflectionDispatch.dispatch(ReflectionDispatch.java:24)
	at org.gradle.messaging.dispatch.ContextClassLoaderDispatch.dispatch(ContextClassLoaderDispatch.java:32)
	at org.gradle.messaging.dispatch.ProxyDispatchAdapter$DispatchingInvocationHandler.invoke(ProxyDispatchAdapter.java:93)
	at com.sun.proxy.$Proxy2.processTestClass(Unknown Source)
	at org.gradle.api.internal.tasks.testing.worker.TestWorker.processTestClass(TestWorker.java:105)
	at sun.reflect.NativeMethodAccessorImpl.invoke0(Native Method)
	at sun.reflect.NativeMethodAccessorImpl.invoke(NativeMethodAccessorImpl.java:57)
	at sun.reflect.DelegatingMethodAccessorImpl.invoke(DelegatingMethodAccessorImpl.java:43)
	at java.lang.reflect.Method.invoke(Method.java:606)
	at org.gradle.messaging.dispatch.ReflectionDispatch.dispatch(ReflectionDispatch.java:35)
	at org.gradle.messaging.dispatch.ReflectionDispatch.dispatch(ReflectionDispatch.java:24)
	at org.gradle.messaging.remote.internal.hub.MessageHub$Handler.run(MessageHub.java:355)
	at org.gradle.internal.concurrent.DefaultExecutorFactory$StoppableExecutorImpl$1.run(DefaultExecutorFactory.java:64)
	at java.util.concurrent.ThreadPoolExecutor.runWorker(ThreadPoolExecutor.java:1145)
	at java.util.concurrent.ThreadPoolExecutor$Worker.run(ThreadPoolExecutor.java:615)
	at java.lang.Thread.run(Thread.java:745)
</failure>
  </testcase>
  <testcase name="testUpdateMetadata" classname="com.emc.adapt.AwsTest" time="0.212">
    <failure message="java.lang.UnsupportedOperationException: you must specify a content length with an input stream" type="java.lang.UnsupportedOperationException">java.lang.UnsupportedOperationException: you must specify a content length with an input stream
	at com.emc.object.AbstractJerseyClient.executeRequest(AbstractJerseyClient.java:49)
	at com.emc.object.AbstractJerseyClient.executeAndClose(AbstractJerseyClient.java:26)
	at com.emc.object.s3.jersey.S3JerseyClient.putObject(S3JerseyClient.java:252)
	at com.emc.adapt.SmartClientAdapter.putObject(SmartClientAdapter.java:839)
	at com.emc.adapt.AwsTest.testUpdateMetadata(AwsTest.java:205)
	at sun.reflect.NativeMethodAccessorImpl.invoke0(Native Method)
	at sun.reflect.NativeMethodAccessorImpl.invoke(NativeMethodAccessorImpl.java:57)
	at sun.reflect.DelegatingMethodAccessorImpl.invoke(DelegatingMethodAccessorImpl.java:43)
	at java.lang.reflect.Method.invoke(Method.java:606)
	at org.junit.runners.model.FrameworkMethod$1.runReflectiveCall(FrameworkMethod.java:47)
	at org.junit.internal.runners.model.ReflectiveCallable.run(ReflectiveCallable.java:12)
	at org.junit.runners.model.FrameworkMethod.invokeExplosively(FrameworkMethod.java:44)
	at org.junit.internal.runners.statements.InvokeMethod.evaluate(InvokeMethod.java:17)
	at org.junit.internal.runners.statements.RunAfters.evaluate(RunAfters.java:27)
	at org.junit.runners.ParentRunner.runLeaf(ParentRunner.java:271)
	at org.junit.runners.BlockJUnit4ClassRunner.runChild(BlockJUnit4ClassRunner.java:70)
	at org.junit.runners.BlockJUnit4ClassRunner.runChild(BlockJUnit4ClassRunner.java:50)
	at org.junit.runners.ParentRunner$3.run(ParentRunner.java:238)
	at org.junit.runners.ParentRunner$1.schedule(ParentRunner.java:63)
	at org.junit.runners.ParentRunner.runChildren(ParentRunner.java:236)
	at org.junit.runners.ParentRunner.access$000(ParentRunner.java:53)
	at org.junit.runners.ParentRunner$2.evaluate(ParentRunner.java:229)
	at org.junit.internal.runners.statements.RunBefores.evaluate(RunBefores.java:26)
	at org.junit.runners.ParentRunner.run(ParentRunner.java:309)
	at org.gradle.api.internal.tasks.testing.junit.JUnitTestClassExecuter.runTestClass(JUnitTestClassExecuter.java:86)
	at org.gradle.api.internal.tasks.testing.junit.JUnitTestClassExecuter.execute(JUnitTestClassExecuter.java:49)
	at org.gradle.api.internal.tasks.testing.junit.JUnitTestClassProcessor.processTestClass(JUnitTestClassProcessor.java:69)
	at org.gradle.api.internal.tasks.testing.SuiteTestClassProcessor.processTestClass(SuiteTestClassProcessor.java:50)
	at sun.reflect.NativeMethodAccessorImpl.invoke0(Native Method)
	at sun.reflect.NativeMethodAccessorImpl.invoke(NativeMethodAccessorImpl.java:57)
	at sun.reflect.DelegatingMethodAccessorImpl.invoke(DelegatingMethodAccessorImpl.java:43)
	at java.lang.reflect.Method.invoke(Method.java:606)
	at org.gradle.messaging.dispatch.ReflectionDispatch.dispatch(ReflectionDispatch.java:35)
	at org.gradle.messaging.dispatch.ReflectionDispatch.dispatch(ReflectionDispatch.java:24)
	at org.gradle.messaging.dispatch.ContextClassLoaderDispatch.dispatch(ContextClassLoaderDispatch.java:32)
	at org.gradle.messaging.dispatch.ProxyDispatchAdapter$DispatchingInvocationHandler.invoke(ProxyDispatchAdapter.java:93)
	at com.sun.proxy.$Proxy2.processTestClass(Unknown Source)
	at org.gradle.api.internal.tasks.testing.worker.TestWorker.processTestClass(TestWorker.java:105)
	at sun.reflect.NativeMethodAccessorImpl.invoke0(Native Method)
	at sun.reflect.NativeMethodAccessorImpl.invoke(NativeMethodAccessorImpl.java:57)
	at sun.reflect.DelegatingMethodAccessorImpl.invoke(DelegatingMethodAccessorImpl.java:43)
	at java.lang.reflect.Method.invoke(Method.java:606)
	at org.gradle.messaging.dispatch.ReflectionDispatch.dispatch(ReflectionDispatch.java:35)
	at org.gradle.messaging.dispatch.ReflectionDispatch.dispatch(ReflectionDispatch.java:24)
	at org.gradle.messaging.remote.internal.hub.MessageHub$Handler.run(MessageHub.java:355)
	at org.gradle.internal.concurrent.DefaultExecutorFactory$StoppableExecutorImpl$1.run(DefaultExecutorFactory.java:64)
	at java.util.concurrent.ThreadPoolExecutor.runWorker(ThreadPoolExecutor.java:1145)
	at java.util.concurrent.ThreadPoolExecutor$Worker.run(ThreadPoolExecutor.java:615)
	at java.lang.Thread.run(Thread.java:745)
</failure>
  </testcase>
  <testcase name="testResponseHeaderOverride" classname="com.emc.adapt.AwsTest" time="0.19">
    <failure message="java.lang.UnsupportedOperationException: you must specify a content length with an input stream" type="java.lang.UnsupportedOperationException">java.lang.UnsupportedOperationException: you must specify a content length with an input stream
	at com.emc.object.AbstractJerseyClient.executeRequest(AbstractJerseyClient.java:49)
	at com.emc.object.AbstractJerseyClient.executeAndClose(AbstractJerseyClient.java:26)
	at com.emc.object.s3.jersey.S3JerseyClient.putObject(S3JerseyClient.java:252)
	at com.emc.adapt.SmartClientAdapter.putObject(SmartClientAdapter.java:839)
	at com.emc.adapt.AwsTest.testResponseHeaderOverride(AwsTest.java:135)
	at sun.reflect.NativeMethodAccessorImpl.invoke0(Native Method)
	at sun.reflect.NativeMethodAccessorImpl.invoke(NativeMethodAccessorImpl.java:57)
	at sun.reflect.DelegatingMethodAccessorImpl.invoke(DelegatingMethodAccessorImpl.java:43)
	at java.lang.reflect.Method.invoke(Method.java:606)
	at org.junit.runners.model.FrameworkMethod$1.runReflectiveCall(FrameworkMethod.java:47)
	at org.junit.internal.runners.model.ReflectiveCallable.run(ReflectiveCallable.java:12)
	at org.junit.runners.model.FrameworkMethod.invokeExplosively(FrameworkMethod.java:44)
	at org.junit.internal.runners.statements.InvokeMethod.evaluate(InvokeMethod.java:17)
	at org.junit.internal.runners.statements.RunAfters.evaluate(RunAfters.java:27)
	at org.junit.runners.ParentRunner.runLeaf(ParentRunner.java:271)
	at org.junit.runners.BlockJUnit4ClassRunner.runChild(BlockJUnit4ClassRunner.java:70)
	at org.junit.runners.BlockJUnit4ClassRunner.runChild(BlockJUnit4ClassRunner.java:50)
	at org.junit.runners.ParentRunner$3.run(ParentRunner.java:238)
	at org.junit.runners.ParentRunner$1.schedule(ParentRunner.java:63)
	at org.junit.runners.ParentRunner.runChildren(ParentRunner.java:236)
	at org.junit.runners.ParentRunner.access$000(ParentRunner.java:53)
	at org.junit.runners.ParentRunner$2.evaluate(ParentRunner.java:229)
	at org.junit.internal.runners.statements.RunBefores.evaluate(RunBefores.java:26)
	at org.junit.runners.ParentRunner.run(ParentRunner.java:309)
	at org.gradle.api.internal.tasks.testing.junit.JUnitTestClassExecuter.runTestClass(JUnitTestClassExecuter.java:86)
	at org.gradle.api.internal.tasks.testing.junit.JUnitTestClassExecuter.execute(JUnitTestClassExecuter.java:49)
	at org.gradle.api.internal.tasks.testing.junit.JUnitTestClassProcessor.processTestClass(JUnitTestClassProcessor.java:69)
	at org.gradle.api.internal.tasks.testing.SuiteTestClassProcessor.processTestClass(SuiteTestClassProcessor.java:50)
	at sun.reflect.NativeMethodAccessorImpl.invoke0(Native Method)
	at sun.reflect.NativeMethodAccessorImpl.invoke(NativeMethodAccessorImpl.java:57)
	at sun.reflect.DelegatingMethodAccessorImpl.invoke(DelegatingMethodAccessorImpl.java:43)
	at java.lang.reflect.Method.invoke(Method.java:606)
	at org.gradle.messaging.dispatch.ReflectionDispatch.dispatch(ReflectionDispatch.java:35)
	at org.gradle.messaging.dispatch.ReflectionDispatch.dispatch(ReflectionDispatch.java:24)
	at org.gradle.messaging.dispatch.ContextClassLoaderDispatch.dispatch(ContextClassLoaderDispatch.java:32)
	at org.gradle.messaging.dispatch.ProxyDispatchAdapter$DispatchingInvocationHandler.invoke(ProxyDispatchAdapter.java:93)
	at com.sun.proxy.$Proxy2.processTestClass(Unknown Source)
	at org.gradle.api.internal.tasks.testing.worker.TestWorker.processTestClass(TestWorker.java:105)
	at sun.reflect.NativeMethodAccessorImpl.invoke0(Native Method)
	at sun.reflect.NativeMethodAccessorImpl.invoke(NativeMethodAccessorImpl.java:57)
	at sun.reflect.DelegatingMethodAccessorImpl.invoke(DelegatingMethodAccessorImpl.java:43)
	at java.lang.reflect.Method.invoke(Method.java:606)
	at org.gradle.messaging.dispatch.ReflectionDispatch.dispatch(ReflectionDispatch.java:35)
	at org.gradle.messaging.dispatch.ReflectionDispatch.dispatch(ReflectionDispatch.java:24)
	at org.gradle.messaging.remote.internal.hub.MessageHub$Handler.run(MessageHub.java:355)
	at org.gradle.internal.concurrent.DefaultExecutorFactory$StoppableExecutorImpl$1.run(DefaultExecutorFactory.java:64)
	at java.util.concurrent.ThreadPoolExecutor.runWorker(ThreadPoolExecutor.java:1145)
	at java.util.concurrent.ThreadPoolExecutor$Worker.run(ThreadPoolExecutor.java:615)
	at java.lang.Thread.run(Thread.java:745)
</failure>
  </testcase>
  <testcase name="testCrudBuckets" classname="com.emc.adapt.AwsTest" time="0.895"/>
  <testcase name="testMultipartList" classname="com.emc.adapt.AwsTest" time="0.189">
    <failure message="java.lang.NullPointerException" type="java.lang.NullPointerException">java.lang.NullPointerException
	at com.emc.adapt.SmartClientAdapter.initiateMultipartUpload(SmartClientAdapter.java:1542)
	at com.emc.adapt.AwsTest.testMultipartList(AwsTest.java:241)
	at sun.reflect.NativeMethodAccessorImpl.invoke0(Native Method)
	at sun.reflect.NativeMethodAccessorImpl.invoke(NativeMethodAccessorImpl.java:57)
	at sun.reflect.DelegatingMethodAccessorImpl.invoke(DelegatingMethodAccessorImpl.java:43)
	at java.lang.reflect.Method.invoke(Method.java:606)
	at org.junit.runners.model.FrameworkMethod$1.runReflectiveCall(FrameworkMethod.java:47)
	at org.junit.internal.runners.model.ReflectiveCallable.run(ReflectiveCallable.java:12)
	at org.junit.runners.model.FrameworkMethod.invokeExplosively(FrameworkMethod.java:44)
	at org.junit.internal.runners.statements.InvokeMethod.evaluate(InvokeMethod.java:17)
	at org.junit.internal.runners.statements.RunAfters.evaluate(RunAfters.java:27)
	at org.junit.runners.ParentRunner.runLeaf(ParentRunner.java:271)
	at org.junit.runners.BlockJUnit4ClassRunner.runChild(BlockJUnit4ClassRunner.java:70)
	at org.junit.runners.BlockJUnit4ClassRunner.runChild(BlockJUnit4ClassRunner.java:50)
	at org.junit.runners.ParentRunner$3.run(ParentRunner.java:238)
	at org.junit.runners.ParentRunner$1.schedule(ParentRunner.java:63)
	at org.junit.runners.ParentRunner.runChildren(ParentRunner.java:236)
	at org.junit.runners.ParentRunner.access$000(ParentRunner.java:53)
	at org.junit.runners.ParentRunner$2.evaluate(ParentRunner.java:229)
	at org.junit.internal.runners.statements.RunBefores.evaluate(RunBefores.java:26)
	at org.junit.runners.ParentRunner.run(ParentRunner.java:309)
	at org.gradle.api.internal.tasks.testing.junit.JUnitTestClassExecuter.runTestClass(JUnitTestClassExecuter.java:86)
	at org.gradle.api.internal.tasks.testing.junit.JUnitTestClassExecuter.execute(JUnitTestClassExecuter.java:49)
	at org.gradle.api.internal.tasks.testing.junit.JUnitTestClassProcessor.processTestClass(JUnitTestClassProcessor.java:69)
	at org.gradle.api.internal.tasks.testing.SuiteTestClassProcessor.processTestClass(SuiteTestClassProcessor.java:50)
	at sun.reflect.NativeMethodAccessorImpl.invoke0(Native Method)
	at sun.reflect.NativeMethodAccessorImpl.invoke(NativeMethodAccessorImpl.java:57)
	at sun.reflect.DelegatingMethodAccessorImpl.invoke(DelegatingMethodAccessorImpl.java:43)
	at java.lang.reflect.Method.invoke(Method.java:606)
	at org.gradle.messaging.dispatch.ReflectionDispatch.dispatch(ReflectionDispatch.java:35)
	at org.gradle.messaging.dispatch.ReflectionDispatch.dispatch(ReflectionDispatch.java:24)
	at org.gradle.messaging.dispatch.ContextClassLoaderDispatch.dispatch(ContextClassLoaderDispatch.java:32)
	at org.gradle.messaging.dispatch.ProxyDispatchAdapter$DispatchingInvocationHandler.invoke(ProxyDispatchAdapter.java:93)
	at com.sun.proxy.$Proxy2.processTestClass(Unknown Source)
	at org.gradle.api.internal.tasks.testing.worker.TestWorker.processTestClass(TestWorker.java:105)
	at sun.reflect.NativeMethodAccessorImpl.invoke0(Native Method)
	at sun.reflect.NativeMethodAccessorImpl.invoke(NativeMethodAccessorImpl.java:57)
	at sun.reflect.DelegatingMethodAccessorImpl.invoke(DelegatingMethodAccessorImpl.java:43)
	at java.lang.reflect.Method.invoke(Method.java:606)
	at org.gradle.messaging.dispatch.ReflectionDispatch.dispatch(ReflectionDispatch.java:35)
	at org.gradle.messaging.dispatch.ReflectionDispatch.dispatch(ReflectionDispatch.java:24)
	at org.gradle.messaging.remote.internal.hub.MessageHub$Handler.run(MessageHub.java:355)
	at org.gradle.internal.concurrent.DefaultExecutorFactory$StoppableExecutorImpl$1.run(DefaultExecutorFactory.java:64)
	at java.util.concurrent.ThreadPoolExecutor.runWorker(ThreadPoolExecutor.java:1145)
	at java.util.concurrent.ThreadPoolExecutor$Worker.run(ThreadPoolExecutor.java:615)
	at java.lang.Thread.run(Thread.java:745)
</failure>
  </testcase>
  <system-out><![CDATA[0          DEBUG [Thread-5       ] PollingDaemon: polling daemon running
525        DEBUG [Thread-5       ] S3HostListProvider: canonicalString:
GET


Tue, 03 Feb 2015 19:24:23 GMT
/?endpoint
525        DEBUG [Thread-5       ] S3HostListProvider: signature:
waaDzJosPMKaocXIji8g/5wZYkw=
2167       DEBUG [Test worker    ] ObjectConfig: raw path & query: /?null
2168       DEBUG [Test worker    ] ObjectConfig: resolved URI: HTTP://10.249.237.149:9020/
3242       DEBUG [Test worker    ] BucketRequestFilter: URI including bucket: HTTP://10.249.237.149:9020/multipart-bucket/
3373       DEBUG [Test worker    ] S3AuthUtil: stringToSign:
PUT

text/plain
Tue, 3 Feb 2015 19:24:26 UTC
/multipart-bucket/
3373       DEBUG [Test worker    ] S3AuthUtil: signature:
RCnrZuVzsDDY3R2Z5olecL2FGTw=
4187       DEBUG [Test worker    ] RequestAddCookies: CookieSpec selected: best-match
4305       DEBUG [Test worker    ] RequestAuthCache: Auth cache not set in the context
4307       DEBUG [Test worker    ] PoolingHttpClientConnectionManager: Connection request: [route: {}->http://10.249.237.149:9020][total kept alive: 0; route allocated: 0 of 200; total allocated: 0 of 200]
4352       DEBUG [Thread-5       ] RequestAddCookies: CookieSpec selected: best-match
4352       DEBUG [Thread-5       ] RequestAuthCache: Auth cache not set in the context
4353       DEBUG [Thread-5       ] PoolingHttpClientConnectionManager: Connection request: [route: {}->http://10.249.237.149:9020][total kept alive: 0; route allocated: 0 of 2; total allocated: 0 of 20]
4389       DEBUG [Thread-5       ] PoolingHttpClientConnectionManager: Connection leased: [id: 0][route: {}->http://10.249.237.149:9020][total kept alive: 0; route allocated: 1 of 2; total allocated: 1 of 20]
4390       DEBUG [Test worker    ] PoolingHttpClientConnectionManager: Connection leased: [id: 1][route: {}->http://10.249.237.149:9020][total kept alive: 0; route allocated: 1 of 200; total allocated: 1 of 200]
4400       DEBUG [Thread-5       ] MainClientExec: Opening connection {}->http://10.249.237.149:9020
4400       DEBUG [Test worker    ] MainClientExec: Opening connection {}->http://10.249.237.149:9020
4407       DEBUG [Thread-5       ] HttpClientConnectionManager: Connecting to /10.249.237.149:9020
4407       DEBUG [Test worker    ] HttpClientConnectionManager: Connecting to /10.249.237.149:9020
4484       DEBUG [Thread-5       ] MainClientExec: Executing request GET /?endpoint HTTP/1.1
4484       DEBUG [Test worker    ] MainClientExec: Executing request PUT /multipart-bucket/ HTTP/1.1
4485       DEBUG [Thread-5       ] MainClientExec: Proxy auth state: UNCHALLENGED
4485       DEBUG [Test worker    ] MainClientExec: Proxy auth state: UNCHALLENGED
4490       DEBUG [Test worker    ] headers: http-outgoing-0 >> PUT /multipart-bucket/ HTTP/1.1
4491       DEBUG [Test worker    ] headers: http-outgoing-0 >> Content-Type: text/plain
4491       DEBUG [Test worker    ] headers: http-outgoing-0 >> User-Agent: ECS Java SDK v2.0.4-dev.83+7b5493b
4491       DEBUG [Test worker    ] headers: http-outgoing-0 >> Date: Tue, 3 Feb 2015 19:24:26 UTC
4491       DEBUG [Test worker    ] headers: http-outgoing-0 >> Authorization: AWS root:RCnrZuVzsDDY3R2Z5olecL2FGTw=
4491       DEBUG [Test worker    ] headers: http-outgoing-0 >> Content-Length: 0
4491       DEBUG [Test worker    ] headers: http-outgoing-0 >> Host: 10.249.237.149:9020
4491       DEBUG [Test worker    ] headers: http-outgoing-0 >> Connection: Keep-Alive
4491       DEBUG [Test worker    ] headers: http-outgoing-0 >> Accept-Encoding: gzip,deflate
4604       DEBUG [Test worker    ] headers: http-outgoing-0 << HTTP/1.1 200 OK
4604       DEBUG [Test worker    ] headers: http-outgoing-0 << Date: Tue, 03 Feb 2015 19:24:28 GMT
4604       DEBUG [Test worker    ] headers: http-outgoing-0 << Server: ViPR/1.0
4605       DEBUG [Test worker    ] headers: http-outgoing-0 << x-amz-request-id: 0af9ed95:14b4ba4ff77:9f3:0
4605       DEBUG [Test worker    ] headers: http-outgoing-0 << x-amz-id-2: acac29a0e3c3ea94df0000f4da947acff5537077ac40caee8acbac7b325c8fbc
4605       DEBUG [Test worker    ] headers: http-outgoing-0 << Location: /multipart-bucket
4606       DEBUG [Test worker    ] headers: http-outgoing-0 << Content-Length: 0
4607       DEBUG [Thread-5       ] MainClientExec: Connection can be kept alive indefinitely
4607       DEBUG [Test worker    ] MainClientExec: Connection can be kept alive indefinitely
4701       DEBUG [Test worker    ] Host: call complete for 10.249.237.149; duration: 1270, queue size: 1, new average: 1270
4702       DEBUG [Test worker    ] PoolingHttpClientConnectionManager: Connection [id: 1][route: {}->http://10.249.237.149:9020] can be kept alive indefinitely
4702       DEBUG [Test worker    ] PoolingHttpClientConnectionManager: Connection released: [id: 1][route: {}->http://10.249.237.149:9020][total kept alive: 1; route allocated: 1 of 200; total allocated: 1 of 200]
4996       DEBUG [Test worker    ] Mimetypes: Loading mime types from file in the classpath: mime.types
5019       DEBUG [Test worker    ] Mimetypes: Ignoring mimetype with no associated file extensions: 'application/activemessage'
5020       DEBUG [Test worker    ] Mimetypes: Setting mime type for extension 'ez' to 'application/andrew-inset'
5020       DEBUG [Test worker    ] Mimetypes: Ignoring mimetype with no associated file extensions: 'application/applefile'
5020       DEBUG [Test worker    ] Mimetypes: Setting mime type for extension 'atom' to 'application/atom+xml'
5020       DEBUG [Test worker    ] Mimetypes: Ignoring mimetype with no associated file extensions: 'application/atomicmail'
5020       DEBUG [Test worker    ] Mimetypes: Ignoring mimetype with no associated file extensions: 'application/batch-smtp'
5020       DEBUG [Test worker    ] Mimetypes: Ignoring mimetype with no associated file extensions: 'application/beep+xml'
5020       DEBUG [Test worker    ] Mimetypes: Ignoring mimetype with no associated file extensions: 'application/cals-1840'
5020       DEBUG [Test worker    ] Mimetypes: Ignoring mimetype with no associated file extensions: 'application/cnrp+xml'
5020       DEBUG [Test worker    ] Mimetypes: Ignoring mimetype with no associated file extensions: 'application/commonground'
5021       DEBUG [Test worker    ] Mimetypes: Ignoring mimetype with no associated file extensions: 'application/cpl+xml'
5021       DEBUG [Test worker    ] Mimetypes: Ignoring mimetype with no associated file extensions: 'application/cybercash'
5021       DEBUG [Test worker    ] Mimetypes: Ignoring mimetype with no associated file extensions: 'application/dca-rft'
5021       DEBUG [Test worker    ] Mimetypes: Ignoring mimetype with no associated file extensions: 'application/dec-dx'
5021       DEBUG [Test worker    ] Mimetypes: Ignoring mimetype with no associated file extensions: 'application/dvcs'
5021       DEBUG [Test worker    ] Mimetypes: Ignoring mimetype with no associated file extensions: 'application/edi-consent'
5021       DEBUG [Test worker    ] Mimetypes: Ignoring mimetype with no associated file extensions: 'application/edifact'
5021       DEBUG [Test worker    ] Mimetypes: Ignoring mimetype with no associated file extensions: 'application/edi-x12'
5021       DEBUG [Test worker    ] Mimetypes: Ignoring mimetype with no associated file extensions: 'application/eshop'
5021       DEBUG [Test worker    ] Mimetypes: Ignoring mimetype with no associated file extensions: 'application/font-tdpfr'
5022       DEBUG [Test worker    ] Mimetypes: Ignoring mimetype with no associated file extensions: 'application/http'
5022       DEBUG [Test worker    ] Mimetypes: Ignoring mimetype with no associated file extensions: 'application/hyperstudio'
5022       DEBUG [Test worker    ] Mimetypes: Ignoring mimetype with no associated file extensions: 'application/iges'
5022       DEBUG [Test worker    ] Mimetypes: Ignoring mimetype with no associated file extensions: 'application/index'
5022       DEBUG [Test worker    ] Mimetypes: Ignoring mimetype with no associated file extensions: 'application/index.cmd'
5022       DEBUG [Test worker    ] Mimetypes: Ignoring mimetype with no associated file extensions: 'application/index.obj'
5023       DEBUG [Test worker    ] Mimetypes: Ignoring mimetype with no associated file extensions: 'application/index.response'
5024       DEBUG [Test worker    ] Mimetypes: Ignoring mimetype with no associated file extensions: 'application/index.vnd'
5024       DEBUG [Test worker    ] Mimetypes: Ignoring mimetype with no associated file extensions: 'application/iotp'
5024       DEBUG [Test worker    ] Mimetypes: Ignoring mimetype with no associated file extensions: 'application/ipp'
5024       DEBUG [Test worker    ] Mimetypes: Ignoring mimetype with no associated file extensions: 'application/isup'
5024       DEBUG [Test worker    ] Mimetypes: Setting mime type for extension 'hqx' to 'application/mac-binhex40'
5024       DEBUG [Test worker    ] Mimetypes: Setting mime type for extension 'cpt' to 'application/mac-compactpro'
5024       DEBUG [Test worker    ] Mimetypes: Ignoring mimetype with no associated file extensions: 'application/macwriteii'
5024       DEBUG [Test worker    ] Mimetypes: Ignoring mimetype with no associated file extensions: 'application/marc'
5024       DEBUG [Test worker    ] Mimetypes: Ignoring mimetype with no associated file extensions: 'application/mathematica'
5025       DEBUG [Test worker    ] Mimetypes: Setting mime type for extension 'mathml' to 'application/mathml+xml'
5025       DEBUG [Test worker    ] Mimetypes: Setting mime type for extension 'doc' to 'application/msword'
5025       DEBUG [Test worker    ] Mimetypes: Ignoring mimetype with no associated file extensions: 'application/news-message-id'
5025       DEBUG [Test worker    ] Mimetypes: Ignoring mimetype with no associated file extensions: 'application/news-transmission'
5025       DEBUG [Test worker    ] Mimetypes: Ignoring mimetype with no associated file extensions: 'application/ocsp-request'
5026       DEBUG [Test worker    ] Mimetypes: Ignoring mimetype with no associated file extensions: 'application/ocsp-response'
5026       DEBUG [Test worker    ] Mimetypes: Setting mime type for extension 'bin' to 'application/octet-stream'
5026       DEBUG [Test worker    ] Mimetypes: Setting mime type for extension 'dms' to 'application/octet-stream'
5026       DEBUG [Test worker    ] Mimetypes: Setting mime type for extension 'lha' to 'application/octet-stream'
5026       DEBUG [Test worker    ] Mimetypes: Setting mime type for extension 'lzh' to 'application/octet-stream'
5026       DEBUG [Test worker    ] Mimetypes: Setting mime type for extension 'exe' to 'application/octet-stream'
5026       DEBUG [Test worker    ] Mimetypes: Setting mime type for extension 'class' to 'application/octet-stream'
5026       DEBUG [Test worker    ] Mimetypes: Setting mime type for extension 'so' to 'application/octet-stream'
5026       DEBUG [Test worker    ] Mimetypes: Setting mime type for extension 'dll' to 'application/octet-stream'
5027       DEBUG [Test worker    ] Mimetypes: Setting mime type for extension 'dmg' to 'application/octet-stream'
5027       DEBUG [Test worker    ] Mimetypes: Setting mime type for extension 'oda' to 'application/oda'
5027       DEBUG [Test worker    ] Mimetypes: Setting mime type for extension 'ogg' to 'application/ogg'
5027       DEBUG [Test worker    ] Mimetypes: Ignoring mimetype with no associated file extensions: 'application/parityfec'
5027       DEBUG [Test worker    ] Mimetypes: Setting mime type for extension 'pdf' to 'application/pdf'
5027       DEBUG [Test worker    ] Mimetypes: Ignoring mimetype with no associated file extensions: 'application/pgp-encrypted'
5027       DEBUG [Test worker    ] Mimetypes: Ignoring mimetype with no associated file extensions: 'application/pgp-keys'
5027       DEBUG [Test worker    ] Mimetypes: Ignoring mimetype with no associated file extensions: 'application/pgp-signature'
5027       DEBUG [Test worker    ] Mimetypes: Ignoring mimetype with no associated file extensions: 'application/pkcs10'
5028       DEBUG [Test worker    ] Mimetypes: Ignoring mimetype with no associated file extensions: 'application/pkcs7-mime'
5028       DEBUG [Test worker    ] Mimetypes: Ignoring mimetype with no associated file extensions: 'application/pkcs7-signature'
5028       DEBUG [Test worker    ] Mimetypes: Ignoring mimetype with no associated file extensions: 'application/pkix-cert'
5028       DEBUG [Test worker    ] Mimetypes: Ignoring mimetype with no associated file extensions: 'application/pkix-crl'
5028       DEBUG [Test worker    ] Mimetypes: Ignoring mimetype with no associated file extensions: 'application/pkixcmp'
5028       DEBUG [Test worker    ] Mimetypes: Setting mime type for extension 'ai' to 'application/postscript'
5028       DEBUG [Test worker    ] Mimetypes: Setting mime type for extension 'eps' to 'application/postscript'
5028       DEBUG [Test worker    ] Mimetypes: Setting mime type for extension 'ps' to 'application/postscript'
5028       DEBUG [Test worker    ] Mimetypes: Ignoring mimetype with no associated file extensions: 'application/prs.alvestrand.titrax-sheet'
5029       DEBUG [Test worker    ] Mimetypes: Ignoring mimetype with no associated file extensions: 'application/prs.cww'
5029       DEBUG [Test worker    ] Mimetypes: Ignoring mimetype with no associated file extensions: 'application/prs.nprend'
5029       DEBUG [Test worker    ] Mimetypes: Ignoring mimetype with no associated file extensions: 'application/prs.plucker'
5029       DEBUG [Test worker    ] Mimetypes: Ignoring mimetype with no associated file extensions: 'application/qsig'
5029       DEBUG [Test worker    ] Mimetypes: Setting mime type for extension 'rdf' to 'application/rdf+xml'
5029       DEBUG [Test worker    ] Mimetypes: Ignoring mimetype with no associated file extensions: 'application/reginfo+xml'
5029       DEBUG [Test worker    ] Mimetypes: Ignoring mimetype with no associated file extensions: 'application/remote-printing'
5029       DEBUG [Test worker    ] Mimetypes: Ignoring mimetype with no associated file extensions: 'application/riscos'
5029       DEBUG [Test worker    ] Mimetypes: Ignoring mimetype with no associated file extensions: 'application/rtf'
5030       DEBUG [Test worker    ] Mimetypes: Ignoring mimetype with no associated file extensions: 'application/sdp'
5030       DEBUG [Test worker    ] Mimetypes: Ignoring mimetype with no associated file extensions: 'application/set-payment'
5030       DEBUG [Test worker    ] Mimetypes: Ignoring mimetype with no associated file extensions: 'application/set-payment-initiation'
5030       DEBUG [Test worker    ] Mimetypes: Ignoring mimetype with no associated file extensions: 'application/set-registration'
5030       DEBUG [Test worker    ] Mimetypes: Ignoring mimetype with no associated file extensions: 'application/set-registration-initiation'
5031       DEBUG [Test worker    ] Mimetypes: Ignoring mimetype with no associated file extensions: 'application/sgml'
5031       DEBUG [Test worker    ] Mimetypes: Ignoring mimetype with no associated file extensions: 'application/sgml-open-catalog'
5031       DEBUG [Test worker    ] Mimetypes: Ignoring mimetype with no associated file extensions: 'application/sieve'
5031       DEBUG [Test worker    ] Mimetypes: Ignoring mimetype with no associated file extensions: 'application/slate'
5031       DEBUG [Test worker    ] Mimetypes: Setting mime type for extension 'smi' to 'application/smil'
5031       DEBUG [Test worker    ] Mimetypes: Setting mime type for extension 'smil' to 'application/smil'
5031       DEBUG [Test worker    ] Mimetypes: Setting mime type for extension 'gram' to 'application/srgs'
5031       DEBUG [Test worker    ] Mimetypes: Setting mime type for extension 'grxml' to 'application/srgs+xml'
5032       DEBUG [Test worker    ] Mimetypes: Ignoring mimetype with no associated file extensions: 'application/timestamp-query'
5032       DEBUG [Test worker    ] Mimetypes: Ignoring mimetype with no associated file extensions: 'application/timestamp-reply'
5032       DEBUG [Test worker    ] Mimetypes: Ignoring mimetype with no associated file extensions: 'application/tve-trigger'
5032       DEBUG [Test worker    ] Mimetypes: Ignoring mimetype with no associated file extensions: 'application/vemmi'
5032       DEBUG [Test worker    ] Mimetypes: Ignoring mimetype with no associated file extensions: 'application/vnd.3gpp.pic-bw-large'
5032       DEBUG [Test worker    ] Mimetypes: Ignoring mimetype with no associated file extensions: 'application/vnd.3gpp.pic-bw-small'
5032       DEBUG [Test worker    ] Mimetypes: Ignoring mimetype with no associated file extensions: 'application/vnd.3gpp.pic-bw-var'
5032       DEBUG [Test worker    ] Mimetypes: Ignoring mimetype with no associated file extensions: 'application/vnd.3gpp.sms'
5033       DEBUG [Test worker    ] Mimetypes: Ignoring mimetype with no associated file extensions: 'application/vnd.3m.post-it-notes'
5033       DEBUG [Test worker    ] Mimetypes: Ignoring mimetype with no associated file extensions: 'application/vnd.accpac.simply.aso'
5033       DEBUG [Test worker    ] Mimetypes: Ignoring mimetype with no associated file extensions: 'application/vnd.accpac.simply.imp'
5033       DEBUG [Test worker    ] Mimetypes: Ignoring mimetype with no associated file extensions: 'application/vnd.acucobol'
5033       DEBUG [Test worker    ] Mimetypes: Ignoring mimetype with no associated file extensions: 'application/vnd.acucorp'
5033       DEBUG [Test worker    ] Mimetypes: Ignoring mimetype with no associated file extensions: 'application/vnd.adobe.xfdf'
5033       DEBUG [Test worker    ] Mimetypes: Ignoring mimetype with no associated file extensions: 'application/vnd.aether.imp'
5033       DEBUG [Test worker    ] Mimetypes: Ignoring mimetype with no associated file extensions: 'application/vnd.amiga.ami'
5034       DEBUG [Test worker    ] Mimetypes: Ignoring mimetype with no associated file extensions: 'application/vnd.anser-web-certificate-issue-initiation'
5034       DEBUG [Test worker    ] Mimetypes: Ignoring mimetype with no associated file extensions: 'application/vnd.anser-web-funds-transfer-initiation'
5034       DEBUG [Test worker    ] Mimetypes: Ignoring mimetype with no associated file extensions: 'application/vnd.audiograph'
5034       DEBUG [Test worker    ] Mimetypes: Ignoring mimetype with no associated file extensions: 'application/vnd.blueice.multipass'
5034       DEBUG [Test worker    ] Mimetypes: Ignoring mimetype with no associated file extensions: 'application/vnd.bmi'
5034       DEBUG [Test worker    ] Mimetypes: Ignoring mimetype with no associated file extensions: 'application/vnd.businessobjects'
5034       DEBUG [Test worker    ] Mimetypes: Ignoring mimetype with no associated file extensions: 'application/vnd.canon-cpdl'
5035       DEBUG [Test worker    ] Mimetypes: Ignoring mimetype with no associated file extensions: 'application/vnd.canon-lips'
5035       DEBUG [Test worker    ] Mimetypes: Ignoring mimetype with no associated file extensions: 'application/vnd.cinderella'
5035       DEBUG [Test worker    ] Mimetypes: Ignoring mimetype with no associated file extensions: 'application/vnd.claymore'
5035       DEBUG [Test worker    ] Mimetypes: Ignoring mimetype with no associated file extensions: 'application/vnd.commerce-battelle'
5035       DEBUG [Test worker    ] Mimetypes: Ignoring mimetype with no associated file extensions: 'application/vnd.commonspace'
5035       DEBUG [Test worker    ] Mimetypes: Ignoring mimetype with no associated file extensions: 'application/vnd.contact.cmsg'
5035       DEBUG [Test worker    ] Mimetypes: Ignoring mimetype with no associated file extensions: 'application/vnd.cosmocaller'
5035       DEBUG [Test worker    ] Mimetypes: Ignoring mimetype with no associated file extensions: 'application/vnd.criticaltools.wbs+xml'
5036       DEBUG [Test worker    ] Mimetypes: Ignoring mimetype with no associated file extensions: 'application/vnd.ctc-posml'
5036       DEBUG [Test worker    ] Mimetypes: Ignoring mimetype with no associated file extensions: 'application/vnd.cups-postscript'
5036       DEBUG [Test worker    ] Mimetypes: Ignoring mimetype with no associated file extensions: 'application/vnd.cups-raster'
5036       DEBUG [Test worker    ] Mimetypes: Ignoring mimetype with no associated file extensions: 'application/vnd.cups-raw'
5036       DEBUG [Test worker    ] Mimetypes: Ignoring mimetype with no associated file extensions: 'application/vnd.curl'
5036       DEBUG [Test worker    ] Mimetypes: Ignoring mimetype with no associated file extensions: 'application/vnd.cybank'
5036       DEBUG [Test worker    ] Mimetypes: Ignoring mimetype with no associated file extensions: 'application/vnd.data-vision.rdz'
5036       DEBUG [Test worker    ] Mimetypes: Ignoring mimetype with no associated file extensions: 'application/vnd.dna'
5037       DEBUG [Test worker    ] Mimetypes: Ignoring mimetype with no associated file extensions: 'application/vnd.dpgraph'
5037       DEBUG [Test worker    ] Mimetypes: Ignoring mimetype with no associated file extensions: 'application/vnd.dreamfactory'
5038       DEBUG [Test worker    ] Mimetypes: Ignoring mimetype with no associated file extensions: 'application/vnd.dxr'
5038       DEBUG [Test worker    ] Mimetypes: Ignoring mimetype with no associated file extensions: 'application/vnd.ecdis-update'
5038       DEBUG [Test worker    ] Mimetypes: Ignoring mimetype with no associated file extensions: 'application/vnd.ecowin.chart'
5038       DEBUG [Test worker    ] Mimetypes: Ignoring mimetype with no associated file extensions: 'application/vnd.ecowin.filerequest'
5038       DEBUG [Test worker    ] Mimetypes: Ignoring mimetype with no associated file extensions: 'application/vnd.ecowin.fileupdate'
5038       DEBUG [Test worker    ] Mimetypes: Ignoring mimetype with no associated file extensions: 'application/vnd.ecowin.series'
5038       DEBUG [Test worker    ] Mimetypes: Ignoring mimetype with no associated file extensions: 'application/vnd.ecowin.seriesrequest'
5038       DEBUG [Test worker    ] Mimetypes: Ignoring mimetype with no associated file extensions: 'application/vnd.ecowin.seriesupdate'
5039       DEBUG [Test worker    ] Mimetypes: Ignoring mimetype with no associated file extensions: 'application/vnd.enliven'
5039       DEBUG [Test worker    ] Mimetypes: Ignoring mimetype with no associated file extensions: 'application/vnd.epson.esf'
5039       DEBUG [Test worker    ] Mimetypes: Ignoring mimetype with no associated file extensions: 'application/vnd.epson.msf'
5039       DEBUG [Test worker    ] Mimetypes: Ignoring mimetype with no associated file extensions: 'application/vnd.epson.quickanime'
5039       DEBUG [Test worker    ] Mimetypes: Ignoring mimetype with no associated file extensions: 'application/vnd.epson.salt'
5039       DEBUG [Test worker    ] Mimetypes: Ignoring mimetype with no associated file extensions: 'application/vnd.epson.ssf'
5039       DEBUG [Test worker    ] Mimetypes: Ignoring mimetype with no associated file extensions: 'application/vnd.ericsson.quickcall'
5039       DEBUG [Test worker    ] Mimetypes: Ignoring mimetype with no associated file extensions: 'application/vnd.eudora.data'
5040       DEBUG [Test worker    ] Mimetypes: Ignoring mimetype with no associated file extensions: 'application/vnd.fdf'
5040       DEBUG [Test worker    ] Mimetypes: Ignoring mimetype with no associated file extensions: 'application/vnd.ffsns'
5040       DEBUG [Test worker    ] Mimetypes: Ignoring mimetype with no associated file extensions: 'application/vnd.fints'
5040       DEBUG [Test worker    ] Mimetypes: Ignoring mimetype with no associated file extensions: 'application/vnd.flographit'
5040       DEBUG [Test worker    ] Mimetypes: Ignoring mimetype with no associated file extensions: 'application/vnd.framemaker'
5040       DEBUG [Test worker    ] Mimetypes: Ignoring mimetype with no associated file extensions: 'application/vnd.fsc.weblaunch'
5040       DEBUG [Test worker    ] Mimetypes: Ignoring mimetype with no associated file extensions: 'application/vnd.fujitsu.oasys'
5040       DEBUG [Test worker    ] Mimetypes: Ignoring mimetype with no associated file extensions: 'application/vnd.fujitsu.oasys2'
5042       DEBUG [Test worker    ] Mimetypes: Ignoring mimetype with no associated file extensions: 'application/vnd.fujitsu.oasys3'
5042       DEBUG [Test worker    ] Mimetypes: Ignoring mimetype with no associated file extensions: 'application/vnd.fujitsu.oasysgp'
5043       DEBUG [Test worker    ] Mimetypes: Ignoring mimetype with no associated file extensions: 'application/vnd.fujitsu.oasysprs'
5043       DEBUG [Test worker    ] Mimetypes: Ignoring mimetype with no associated file extensions: 'application/vnd.fujixerox.ddd'
5043       DEBUG [Test worker    ] Mimetypes: Ignoring mimetype with no associated file extensions: 'application/vnd.fujixerox.docuworks'
5043       DEBUG [Test worker    ] Mimetypes: Ignoring mimetype with no associated file extensions: 'application/vnd.fujixerox.docuworks.binder'
5043       DEBUG [Test worker    ] Mimetypes: Ignoring mimetype with no associated file extensions: 'application/vnd.fut-misnet'
5043       DEBUG [Test worker    ] Mimetypes: Ignoring mimetype with no associated file extensions: 'application/vnd.grafeq'
5043       DEBUG [Test worker    ] Mimetypes: Ignoring mimetype with no associated file extensions: 'application/vnd.groove-account'
5043       DEBUG [Test worker    ] Mimetypes: Ignoring mimetype with no associated file extensions: 'application/vnd.groove-help'
5044       DEBUG [Test worker    ] Mimetypes: Ignoring mimetype with no associated file extensions: 'application/vnd.groove-identity-message'
5044       DEBUG [Test worker    ] Mimetypes: Ignoring mimetype with no associated file extensions: 'application/vnd.groove-injector'
5044       DEBUG [Test worker    ] Mimetypes: Ignoring mimetype with no associated file extensions: 'application/vnd.groove-tool-message'
5044       DEBUG [Test worker    ] Mimetypes: Ignoring mimetype with no associated file extensions: 'application/vnd.groove-tool-template'
5044       DEBUG [Test worker    ] Mimetypes: Ignoring mimetype with no associated file extensions: 'application/vnd.groove-vcard'
5044       DEBUG [Test worker    ] Mimetypes: Ignoring mimetype with no associated file extensions: 'application/vnd.hbci'
5044       DEBUG [Test worker    ] Mimetypes: Ignoring mimetype with no associated file extensions: 'application/vnd.hhe.lesson-player'
5045       DEBUG [Test worker    ] Mimetypes: Ignoring mimetype with no associated file extensions: 'application/vnd.hp-hpgl'
5045       DEBUG [Test worker    ] Mimetypes: Ignoring mimetype with no associated file extensions: 'application/vnd.hp-hpid'
5045       DEBUG [Test worker    ] Mimetypes: Ignoring mimetype with no associated file extensions: 'application/vnd.hp-hps'
5045       DEBUG [Test worker    ] Mimetypes: Ignoring mimetype with no associated file extensions: 'application/vnd.hp-pcl'
5045       DEBUG [Test worker    ] Mimetypes: Ignoring mimetype with no associated file extensions: 'application/vnd.hp-pclxl'
5045       DEBUG [Test worker    ] Mimetypes: Ignoring mimetype with no associated file extensions: 'application/vnd.httphone'
5046       DEBUG [Test worker    ] Mimetypes: Ignoring mimetype with no associated file extensions: 'application/vnd.hzn-3d-crossword'
5046       DEBUG [Test worker    ] Mimetypes: Ignoring mimetype with no associated file extensions: 'application/vnd.ibm.afplinedata'
5046       DEBUG [Test worker    ] Mimetypes: Ignoring mimetype with no associated file extensions: 'application/vnd.ibm.electronic-media'
5046       DEBUG [Test worker    ] Mimetypes: Ignoring mimetype with no associated file extensions: 'application/vnd.ibm.minipay'
5046       DEBUG [Test worker    ] Mimetypes: Ignoring mimetype with no associated file extensions: 'application/vnd.ibm.modcap'
5047       DEBUG [Test worker    ] Mimetypes: Ignoring mimetype with no associated file extensions: 'application/vnd.ibm.rights-management'
5047       DEBUG [Test worker    ] Mimetypes: Ignoring mimetype with no associated file extensions: 'application/vnd.ibm.secure-container'
5047       DEBUG [Test worker    ] Mimetypes: Ignoring mimetype with no associated file extensions: 'application/vnd.informix-visionary'
5048       DEBUG [Test worker    ] Mimetypes: Ignoring mimetype with no associated file extensions: 'application/vnd.intercon.formnet'
5048       DEBUG [Test worker    ] Mimetypes: Ignoring mimetype with no associated file extensions: 'application/vnd.intertrust.digibox'
5048       DEBUG [Test worker    ] Mimetypes: Ignoring mimetype with no associated file extensions: 'application/vnd.intertrust.nncp'
5048       DEBUG [Test worker    ] Mimetypes: Ignoring mimetype with no associated file extensions: 'application/vnd.intu.qbo'
5048       DEBUG [Test worker    ] Mimetypes: Ignoring mimetype with no associated file extensions: 'application/vnd.intu.qfx'
5048       DEBUG [Test worker    ] Mimetypes: Ignoring mimetype with no associated file extensions: 'application/vnd.irepository.package+xml'
5049       DEBUG [Test worker    ] Mimetypes: Ignoring mimetype with no associated file extensions: 'application/vnd.is-xpr'
5049       DEBUG [Test worker    ] Mimetypes: Ignoring mimetype with no associated file extensions: 'application/vnd.japannet-directory-service'
5049       DEBUG [Test worker    ] Mimetypes: Ignoring mimetype with no associated file extensions: 'application/vnd.japannet-jpnstore-wakeup'
5049       DEBUG [Test worker    ] Mimetypes: Ignoring mimetype with no associated file extensions: 'application/vnd.japannet-payment-wakeup'
5050       DEBUG [Test worker    ] Mimetypes: Ignoring mimetype with no associated file extensions: 'application/vnd.japannet-registration'
5050       DEBUG [Test worker    ] Mimetypes: Ignoring mimetype with no associated file extensions: 'application/vnd.japannet-registration-wakeup'
5050       DEBUG [Test worker    ] Mimetypes: Ignoring mimetype with no associated file extensions: 'application/vnd.japannet-setstore-wakeup'
5050       DEBUG [Test worker    ] Mimetypes: Ignoring mimetype with no associated file extensions: 'application/vnd.japannet-verification'
5051       DEBUG [Test worker    ] Mimetypes: Ignoring mimetype with no associated file extensions: 'application/vnd.japannet-verification-wakeup'
5051       DEBUG [Test worker    ] Mimetypes: Ignoring mimetype with no associated file extensions: 'application/vnd.jisp'
5051       DEBUG [Test worker    ] Mimetypes: Ignoring mimetype with no associated file extensions: 'application/vnd.kde.karbon'
5052       DEBUG [Test worker    ] Mimetypes: Ignoring mimetype with no associated file extensions: 'application/vnd.kde.kchart'
5052       DEBUG [Test worker    ] Mimetypes: Ignoring mimetype with no associated file extensions: 'application/vnd.kde.kformula'
5052       DEBUG [Test worker    ] Mimetypes: Ignoring mimetype with no associated file extensions: 'application/vnd.kde.kivio'
5052       DEBUG [Test worker    ] Mimetypes: Ignoring mimetype with no associated file extensions: 'application/vnd.kde.kontour'
5052       DEBUG [Test worker    ] Mimetypes: Ignoring mimetype with no associated file extensions: 'application/vnd.kde.kpresenter'
5053       DEBUG [Test worker    ] Mimetypes: Ignoring mimetype with no associated file extensions: 'application/vnd.kde.kspread'
5053       DEBUG [Test worker    ] Mimetypes: Ignoring mimetype with no associated file extensions: 'application/vnd.kde.kword'
5053       DEBUG [Test worker    ] Mimetypes: Ignoring mimetype with no associated file extensions: 'application/vnd.kenameaapp'
5053       DEBUG [Test worker    ] Mimetypes: Ignoring mimetype with no associated file extensions: 'application/vnd.koan'
5054       DEBUG [Test worker    ] Mimetypes: Ignoring mimetype with no associated file extensions: 'application/vnd.liberty-request+xml'
5054       DEBUG [Test worker    ] Mimetypes: Ignoring mimetype with no associated file extensions: 'application/vnd.llamagraphics.life-balance.desktop'
5054       DEBUG [Test worker    ] Mimetypes: Ignoring mimetype with no associated file extensions: 'application/vnd.llamagraphics.life-balance.exchange+xml'
5054       DEBUG [Test worker    ] Mimetypes: Ignoring mimetype with no associated file extensions: 'application/vnd.lotus-1-2-3'
5054       DEBUG [Test worker    ] Mimetypes: Ignoring mimetype with no associated file extensions: 'application/vnd.lotus-approach'
5055       DEBUG [Test worker    ] Mimetypes: Ignoring mimetype with no associated file extensions: 'application/vnd.lotus-freelance'
5055       DEBUG [Test worker    ] Mimetypes: Ignoring mimetype with no associated file extensions: 'application/vnd.lotus-notes'
5055       DEBUG [Test worker    ] Mimetypes: Ignoring mimetype with no associated file extensions: 'application/vnd.lotus-organizer'
5055       DEBUG [Test worker    ] Mimetypes: Ignoring mimetype with no associated file extensions: 'application/vnd.lotus-screencam'
5055       DEBUG [Test worker    ] Mimetypes: Ignoring mimetype with no associated file extensions: 'application/vnd.lotus-wordpro'
5057       DEBUG [Test worker    ] Mimetypes: Ignoring mimetype with no associated file extensions: 'application/vnd.mcd'
5057       DEBUG [Test worker    ] Mimetypes: Ignoring mimetype with no associated file extensions: 'application/vnd.mediastation.cdkey'
5057       DEBUG [Test worker    ] Mimetypes: Ignoring mimetype with no associated file extensions: 'application/vnd.meridian-slingshot'
5058       DEBUG [Test worker    ] Mimetypes: Ignoring mimetype with no associated file extensions: 'application/vnd.micrografx.flo'
5059       DEBUG [Test worker    ] Mimetypes: Ignoring mimetype with no associated file extensions: 'application/vnd.micrografx.igx'
5059       DEBUG [Test worker    ] Mimetypes: Setting mime type for extension 'mif' to 'application/vnd.mif'
5059       DEBUG [Test worker    ] Mimetypes: Ignoring mimetype with no associated file extensions: 'application/vnd.minisoft-hp3000-save'
5059       DEBUG [Test worker    ] Mimetypes: Ignoring mimetype with no associated file extensions: 'application/vnd.mitsubishi.misty-guard.trustweb'
5060       DEBUG [Test worker    ] Mimetypes: Ignoring mimetype with no associated file extensions: 'application/vnd.mobius.daf'
5060       DEBUG [Test worker    ] Mimetypes: Ignoring mimetype with no associated file extensions: 'application/vnd.mobius.dis'
5061       DEBUG [Test worker    ] Mimetypes: Ignoring mimetype with no associated file extensions: 'application/vnd.mobius.mbk'
5061       DEBUG [Test worker    ] Mimetypes: Ignoring mimetype with no associated file extensions: 'application/vnd.mobius.mqy'
5061       DEBUG [Test worker    ] Mimetypes: Ignoring mimetype with no associated file extensions: 'application/vnd.mobius.msl'
5062       DEBUG [Test worker    ] Mimetypes: Ignoring mimetype with no associated file extensions: 'application/vnd.mobius.plc'
5062       DEBUG [Test worker    ] Mimetypes: Ignoring mimetype with no associated file extensions: 'application/vnd.mobius.txf'
5062       DEBUG [Test worker    ] Mimetypes: Ignoring mimetype with no associated file extensions: 'application/vnd.mophun.application'
5062       DEBUG [Test worker    ] Mimetypes: Ignoring mimetype with no associated file extensions: 'application/vnd.mophun.certificate'
5062       DEBUG [Test worker    ] Mimetypes: Ignoring mimetype with no associated file extensions: 'application/vnd.motorola.flexsuite'
5062       DEBUG [Test worker    ] Mimetypes: Ignoring mimetype with no associated file extensions: 'application/vnd.motorola.flexsuite.adsi'
5062       DEBUG [Test worker    ] Mimetypes: Ignoring mimetype with no associated file extensions: 'application/vnd.motorola.flexsuite.fis'
5062       DEBUG [Test worker    ] Mimetypes: Ignoring mimetype with no associated file extensions: 'application/vnd.motorola.flexsuite.gotap'
5062       DEBUG [Test worker    ] Mimetypes: Ignoring mimetype with no associated file extensions: 'application/vnd.motorola.flexsuite.kmr'
5063       DEBUG [Test worker    ] Mimetypes: Ignoring mimetype with no associated file extensions: 'application/vnd.motorola.flexsuite.ttc'
5063       DEBUG [Test worker    ] Mimetypes: Ignoring mimetype with no associated file extensions: 'application/vnd.motorola.flexsuite.wem'
5063       DEBUG [Test worker    ] Mimetypes: Setting mime type for extension 'xul' to 'application/vnd.mozilla.xul+xml'
5063       DEBUG [Test worker    ] Mimetypes: Ignoring mimetype with no associated file extensions: 'application/vnd.ms-artgalry'
5063       DEBUG [Test worker    ] Mimetypes: Ignoring mimetype with no associated file extensions: 'application/vnd.ms-asf'
5063       DEBUG [Test worker    ] Mimetypes: Setting mime type for extension 'xls' to 'application/vnd.ms-excel'
5063       DEBUG [Test worker    ] Mimetypes: Ignoring mimetype with no associated file extensions: 'application/vnd.ms-lrm'
5063       DEBUG [Test worker    ] Mimetypes: Setting mime type for extension 'ppt' to 'application/vnd.ms-powerpoint'
5064       DEBUG [Test worker    ] Mimetypes: Ignoring mimetype with no associated file extensions: 'application/vnd.ms-project'
5064       DEBUG [Test worker    ] Mimetypes: Ignoring mimetype with no associated file extensions: 'application/vnd.ms-tnef'
5064       DEBUG [Test worker    ] Mimetypes: Ignoring mimetype with no associated file extensions: 'application/vnd.ms-works'
5064       DEBUG [Test worker    ] Mimetypes: Ignoring mimetype with no associated file extensions: 'application/vnd.ms-wpl'
5064       DEBUG [Test worker    ] Mimetypes: Ignoring mimetype with no associated file extensions: 'application/vnd.mseq'
5064       DEBUG [Test worker    ] Mimetypes: Ignoring mimetype with no associated file extensions: 'application/vnd.msign'
5064       DEBUG [Test worker    ] Mimetypes: Ignoring mimetype with no associated file extensions: 'application/vnd.music-niff'
5064       DEBUG [Test worker    ] Mimetypes: Ignoring mimetype with no associated file extensions: 'application/vnd.musician'
5065       DEBUG [Test worker    ] Mimetypes: Ignoring mimetype with no associated file extensions: 'application/vnd.netfpx'
5065       DEBUG [Test worker    ] Mimetypes: Ignoring mimetype with no associated file extensions: 'application/vnd.noblenet-directory'
5068       DEBUG [Test worker    ] Mimetypes: Ignoring mimetype with no associated file extensions: 'application/vnd.noblenet-sealer'
5068       DEBUG [Test worker    ] Mimetypes: Ignoring mimetype with no associated file extensions: 'application/vnd.noblenet-web'
5068       DEBUG [Test worker    ] Mimetypes: Ignoring mimetype with no associated file extensions: 'application/vnd.novadigm.edm'
5068       DEBUG [Test worker    ] Mimetypes: Ignoring mimetype with no associated file extensions: 'application/vnd.novadigm.edx'
5068       DEBUG [Test worker    ] Mimetypes: Ignoring mimetype with no associated file extensions: 'application/vnd.novadigm.ext'
5069       DEBUG [Test worker    ] Mimetypes: Ignoring mimetype with no associated file extensions: 'application/vnd.obn'
5069       DEBUG [Test worker    ] Mimetypes: Ignoring mimetype with no associated file extensions: 'application/vnd.osa.netdeploy'
5069       DEBUG [Test worker    ] Mimetypes: Ignoring mimetype with no associated file extensions: 'application/vnd.palm'
5069       DEBUG [Test worker    ] Mimetypes: Ignoring mimetype with no associated file extensions: 'application/vnd.pg.format'
5069       DEBUG [Test worker    ] Mimetypes: Ignoring mimetype with no associated file extensions: 'application/vnd.pg.osasli'
5069       DEBUG [Test worker    ] Mimetypes: Ignoring mimetype with no associated file extensions: 'application/vnd.powerbuilder6'
5069       DEBUG [Test worker    ] Mimetypes: Ignoring mimetype with no associated file extensions: 'application/vnd.powerbuilder6-s'
5069       DEBUG [Test worker    ] Mimetypes: Ignoring mimetype with no associated file extensions: 'application/vnd.powerbuilder7'
5069       DEBUG [Test worker    ] Mimetypes: Ignoring mimetype with no associated file extensions: 'application/vnd.powerbuilder7-s'
5070       DEBUG [Test worker    ] Mimetypes: Ignoring mimetype with no associated file extensions: 'application/vnd.powerbuilder75'
5070       DEBUG [Test worker    ] Mimetypes: Ignoring mimetype with no associated file extensions: 'application/vnd.powerbuilder75-s'
5070       DEBUG [Test worker    ] Mimetypes: Ignoring mimetype with no associated file extensions: 'application/vnd.previewsystems.box'
5072       DEBUG [Test worker    ] Mimetypes: Ignoring mimetype with no associated file extensions: 'application/vnd.publishare-delta-tree'
5072       DEBUG [Test worker    ] Mimetypes: Ignoring mimetype with no associated file extensions: 'application/vnd.pvi.ptid1'
5073       DEBUG [Test worker    ] Mimetypes: Ignoring mimetype with no associated file extensions: 'application/vnd.pwg-multiplexed'
5073       DEBUG [Test worker    ] Mimetypes: Ignoring mimetype with no associated file extensions: 'application/vnd.pwg-xhtml-print+xml'
5073       DEBUG [Test worker    ] Mimetypes: Ignoring mimetype with no associated file extensions: 'application/vnd.quark.quarkxpress'
5073       DEBUG [Test worker    ] Mimetypes: Ignoring mimetype with no associated file extensions: 'application/vnd.rapid'
5073       DEBUG [Test worker    ] Mimetypes: Setting mime type for extension 'rm' to 'application/vnd.rn-realmedia'
5073       DEBUG [Test worker    ] Mimetypes: Ignoring mimetype with no associated file extensions: 'application/vnd.s3sms'
5073       DEBUG [Test worker    ] Mimetypes: Ignoring mimetype with no associated file extensions: 'application/vnd.sealed.net'
5073       DEBUG [Test worker    ] Mimetypes: Ignoring mimetype with no associated file extensions: 'application/vnd.seemail'
5074       DEBUG [Test worker    ] Mimetypes: Ignoring mimetype with no associated file extensions: 'application/vnd.shana.informed.formdata'
5074       DEBUG [Test worker    ] Mimetypes: Ignoring mimetype with no associated file extensions: 'application/vnd.shana.informed.formtemplate'
5074       DEBUG [Test worker    ] Mimetypes: Ignoring mimetype with no associated file extensions: 'application/vnd.shana.informed.interchange'
5074       DEBUG [Test worker    ] Mimetypes: Ignoring mimetype with no associated file extensions: 'application/vnd.shana.informed.package'
5074       DEBUG [Test worker    ] Mimetypes: Ignoring mimetype with no associated file extensions: 'application/vnd.smaf'
5074       DEBUG [Test worker    ] Mimetypes: Ignoring mimetype with no associated file extensions: 'application/vnd.sss-cod'
5074       DEBUG [Test worker    ] Mimetypes: Ignoring mimetype with no associated file extensions: 'application/vnd.sss-dtf'
5074       DEBUG [Test worker    ] Mimetypes: Ignoring mimetype with no associated file extensions: 'application/vnd.sss-ntf'
5075       DEBUG [Test worker    ] Mimetypes: Ignoring mimetype with no associated file extensions: 'application/vnd.street-stream'
5075       DEBUG [Test worker    ] Mimetypes: Ignoring mimetype with no associated file extensions: 'application/vnd.svd'
5075       DEBUG [Test worker    ] Mimetypes: Ignoring mimetype with no associated file extensions: 'application/vnd.swiftview-ics'
5075       DEBUG [Test worker    ] Mimetypes: Ignoring mimetype with no associated file extensions: 'application/vnd.triscape.mxs'
5075       DEBUG [Test worker    ] Mimetypes: Ignoring mimetype with no associated file extensions: 'application/vnd.trueapp'
5075       DEBUG [Test worker    ] Mimetypes: Ignoring mimetype with no associated file extensions: 'application/vnd.truedoc'
5075       DEBUG [Test worker    ] Mimetypes: Ignoring mimetype with no associated file extensions: 'application/vnd.ufdl'
5075       DEBUG [Test worker    ] Mimetypes: Ignoring mimetype with no associated file extensions: 'application/vnd.uplanet.alert'
5076       DEBUG [Test worker    ] Mimetypes: Ignoring mimetype with no associated file extensions: 'application/vnd.uplanet.alert-wbxml'
5076       DEBUG [Test worker    ] Mimetypes: Ignoring mimetype with no associated file extensions: 'application/vnd.uplanet.bearer-choice'
5076       DEBUG [Test worker    ] Mimetypes: Ignoring mimetype with no associated file extensions: 'application/vnd.uplanet.bearer-choice-wbxml'
5076       DEBUG [Test worker    ] Mimetypes: Ignoring mimetype with no associated file extensions: 'application/vnd.uplanet.cacheop'
5076       DEBUG [Test worker    ] Mimetypes: Ignoring mimetype with no associated file extensions: 'application/vnd.uplanet.cacheop-wbxml'
5076       DEBUG [Test worker    ] Mimetypes: Ignoring mimetype with no associated file extensions: 'application/vnd.uplanet.channel'
5076       DEBUG [Test worker    ] Mimetypes: Ignoring mimetype with no associated file extensions: 'application/vnd.uplanet.channel-wbxml'
5076       DEBUG [Test worker    ] Mimetypes: Ignoring mimetype with no associated file extensions: 'application/vnd.uplanet.list'
5077       DEBUG [Test worker    ] Mimetypes: Ignoring mimetype with no associated file extensions: 'application/vnd.uplanet.list-wbxml'
5077       DEBUG [Test worker    ] Mimetypes: Ignoring mimetype with no associated file extensions: 'application/vnd.uplanet.listcmd'
5077       DEBUG [Test worker    ] Mimetypes: Ignoring mimetype with no associated file extensions: 'application/vnd.uplanet.listcmd-wbxml'
5077       DEBUG [Test worker    ] Mimetypes: Ignoring mimetype with no associated file extensions: 'application/vnd.uplanet.signal'
5077       DEBUG [Test worker    ] Mimetypes: Ignoring mimetype with no associated file extensions: 'application/vnd.vcx'
5077       DEBUG [Test worker    ] Mimetypes: Ignoring mimetype with no associated file extensions: 'application/vnd.vectorworks'
5077       DEBUG [Test worker    ] Mimetypes: Ignoring mimetype with no associated file extensions: 'application/vnd.vidsoft.vidconference'
5077       DEBUG [Test worker    ] Mimetypes: Ignoring mimetype with no associated file extensions: 'application/vnd.visio'
5078       DEBUG [Test worker    ] Mimetypes: Ignoring mimetype with no associated file extensions: 'application/vnd.visionary'
5078       DEBUG [Test worker    ] Mimetypes: Ignoring mimetype with no associated file extensions: 'application/vnd.vividence.scriptfile'
5078       DEBUG [Test worker    ] Mimetypes: Ignoring mimetype with no associated file extensions: 'application/vnd.vsf'
5078       DEBUG [Test worker    ] Mimetypes: Ignoring mimetype with no associated file extensions: 'application/vnd.wap.sic'
5078       DEBUG [Test worker    ] Mimetypes: Ignoring mimetype with no associated file extensions: 'application/vnd.wap.slc'
5078       DEBUG [Test worker    ] Mimetypes: Setting mime type for extension 'wbxml' to 'application/vnd.wap.wbxml'
5078       DEBUG [Test worker    ] Mimetypes: Setting mime type for extension 'wmlc' to 'application/vnd.wap.wmlc'
5078       DEBUG [Test worker    ] Mimetypes: Setting mime type for extension 'wmlsc' to 'application/vnd.wap.wmlscriptc'
5079       DEBUG [Test worker    ] Mimetypes: Ignoring mimetype with no associated file extensions: 'application/vnd.webturbo'
5079       DEBUG [Test worker    ] Mimetypes: Ignoring mimetype with no associated file extensions: 'application/vnd.wrq-hp3000-labelled'
5079       DEBUG [Test worker    ] Mimetypes: Ignoring mimetype with no associated file extensions: 'application/vnd.wt.stf'
5079       DEBUG [Test worker    ] Mimetypes: Ignoring mimetype with no associated file extensions: 'application/vnd.wv.csp+wbxml'
5079       DEBUG [Test worker    ] Mimetypes: Ignoring mimetype with no associated file extensions: 'application/vnd.xara'
5079       DEBUG [Test worker    ] Mimetypes: Ignoring mimetype with no associated file extensions: 'application/vnd.xfdl'
5079       DEBUG [Test worker    ] Mimetypes: Ignoring mimetype with no associated file extensions: 'application/vnd.yamaha.hv-dic'
5079       DEBUG [Test worker    ] Mimetypes: Ignoring mimetype with no associated file extensions: 'application/vnd.yamaha.hv-script'
5080       DEBUG [Test worker    ] Mimetypes: Ignoring mimetype with no associated file extensions: 'application/vnd.yamaha.hv-voice'
5082       DEBUG [Test worker    ] Mimetypes: Ignoring mimetype with no associated file extensions: 'application/vnd.yellowriver-custom-menu'
5082       DEBUG [Test worker    ] Mimetypes: Setting mime type for extension 'vxml' to 'application/voicexml+xml'
5082       DEBUG [Test worker    ] Mimetypes: Ignoring mimetype with no associated file extensions: 'application/watcherinfo+xml'
5082       DEBUG [Test worker    ] Mimetypes: Ignoring mimetype with no associated file extensions: 'application/whoispp-query'
5082       DEBUG [Test worker    ] Mimetypes: Ignoring mimetype with no associated file extensions: 'application/whoispp-response'
5082       DEBUG [Test worker    ] Mimetypes: Ignoring mimetype with no associated file extensions: 'application/wita'
5082       DEBUG [Test worker    ] Mimetypes: Ignoring mimetype with no associated file extensions: 'application/wordperfect5.1'
5083       DEBUG [Test worker    ] Mimetypes: Setting mime type for extension 'bcpio' to 'application/x-bcpio'
5083       DEBUG [Test worker    ] Mimetypes: Setting mime type for extension 'vcd' to 'application/x-cdlink'
5083       DEBUG [Test worker    ] Mimetypes: Setting mime type for extension 'pgn' to 'application/x-chess-pgn'
5083       DEBUG [Test worker    ] Mimetypes: Ignoring mimetype with no associated file extensions: 'application/x-compress'
5083       DEBUG [Test worker    ] Mimetypes: Setting mime type for extension 'cpio' to 'application/x-cpio'
5083       DEBUG [Test worker    ] Mimetypes: Setting mime type for extension 'csh' to 'application/x-csh'
5083       DEBUG [Test worker    ] Mimetypes: Setting mime type for extension 'dcr' to 'application/x-director'
5083       DEBUG [Test worker    ] Mimetypes: Setting mime type for extension 'dir' to 'application/x-director'
5084       DEBUG [Test worker    ] Mimetypes: Setting mime type for extension 'dxr' to 'application/x-director'
5084       DEBUG [Test worker    ] Mimetypes: Setting mime type for extension 'dvi' to 'application/x-dvi'
5084       DEBUG [Test worker    ] Mimetypes: Setting mime type for extension 'spl' to 'application/x-futuresplash'
5084       DEBUG [Test worker    ] Mimetypes: Setting mime type for extension 'gtar' to 'application/x-gtar'
5084       DEBUG [Test worker    ] Mimetypes: Setting mime type for extension 'gz' to 'application/x-gzip'
5084       DEBUG [Test worker    ] Mimetypes: Setting mime type for extension 'hdf' to 'application/x-hdf'
5084       DEBUG [Test worker    ] Mimetypes: Setting mime type for extension 'js' to 'application/x-javascript'
5085       DEBUG [Test worker    ] Mimetypes: Setting mime type for extension 'jnlp' to 'application/x-java-jnlp-file'
5085       DEBUG [Test worker    ] Mimetypes: Setting mime type for extension 'skp' to 'application/x-koan'
[...]
6789       DEBUG [Test worker    ] PoolingHttpClientConnectionManager: Connection [id: 1][route: {}->http://10.249.237.149:9020] can be kept alive indefinitely
6789       DEBUG [Test worker    ] PoolingHttpClientConnectionManager: Connection released: [id: 1][route: {}->http://10.249.237.149:9020][total kept alive: 1; route allocated: 1 of 200; total allocated: 1 of 200]
6790       DEBUG [Test worker    ] Host: call complete for 10.249.237.149; duration: 54, queue size: 12, new average: 195
6791       DEBUG [Test worker    ] ObjectConfig: raw path & query: /?null
6791       DEBUG [Test worker    ] ObjectConfig: resolved URI: HTTP://10.249.237.149:9020/
6792       DEBUG [Test worker    ] S3AuthUtil: stringToSign:
GET


Tue, 3 Feb 2015 19:24:30 UTC
/
6793       DEBUG [Test worker    ] S3AuthUtil: signature:
Zvfno4bO3rrr3nXMUDNgd1WJ3p8=
6793       DEBUG [Test worker    ] RequestAddCookies: CookieSpec selected: best-match
6794       DEBUG [Test worker    ] RequestAuthCache: Auth cache not set in the context
6794       DEBUG [Test worker    ] PoolingHttpClientConnectionManager: Connection request: [route: {}->http://10.249.237.149:9020][total kept alive: 1; route allocated: 1 of 200; total allocated: 1 of 200]
6794       DEBUG [Test worker    ] PoolingHttpClientConnectionManager: Connection leased: [id: 1][route: {}->http://10.249.237.149:9020][total kept alive: 0; route allocated: 1 of 200; total allocated: 1 of 200]
6794       DEBUG [Test worker    ] MainClientExec: Stale connection check
6795       DEBUG [Test worker    ] MainClientExec: Executing request GET / HTTP/1.1
6795       DEBUG [Test worker    ] MainClientExec: Proxy auth state: UNCHALLENGED
6796       DEBUG [Test worker    ] headers: http-outgoing-0 >> GET / HTTP/1.1
6796       DEBUG [Test worker    ] headers: http-outgoing-0 >> User-Agent: ECS Java SDK v2.0.4-dev.83+7b5493b
6796       DEBUG [Test worker    ] headers: http-outgoing-0 >> Date: Tue, 3 Feb 2015 19:24:30 UTC
6796       DEBUG [Test worker    ] headers: http-outgoing-0 >> Authorization: AWS root:Zvfno4bO3rrr3nXMUDNgd1WJ3p8=
6796       DEBUG [Test worker    ] headers: http-outgoing-0 >> Host: 10.249.237.149:9020
6796       DEBUG [Test worker    ] headers: http-outgoing-0 >> Connection: Keep-Alive
6796       DEBUG [Test worker    ] headers: http-outgoing-0 >> Accept-Encoding: gzip,deflate
7009       DEBUG [Test worker    ] headers: http-outgoing-0 << HTTP/1.1 200 OK
7009       DEBUG [Test worker    ] headers: http-outgoing-0 << Date: Tue, 03 Feb 2015 19:24:30 GMT
7009       DEBUG [Test worker    ] headers: http-outgoing-0 << Server: ViPR/1.0
7009       DEBUG [Test worker    ] headers: http-outgoing-0 << x-amz-request-id: 0af9ed95:14b4ba4ff77:9f3:34
7009       DEBUG [Test worker    ] headers: http-outgoing-0 << x-amz-id-2: 
7009       DEBUG [Test worker    ] headers: http-outgoing-0 << Content-Type: application/xml
7009       DEBUG [Test worker    ] headers: http-outgoing-0 << Content-Length: 463
7009       DEBUG [Test worker    ] MainClientExec: Connection can be kept alive indefinitely
7010       DEBUG [Test worker    ] Host: call complete for 10.249.237.149; duration: 216, queue size: 13, new average: 196
7110       DEBUG [Test worker    ] PoolingHttpClientConnectionManager: Connection [id: 1][route: {}->http://10.249.237.149:9020] can be kept alive indefinitely
7111       DEBUG [Test worker    ] PoolingHttpClientConnectionManager: Connection released: [id: 1][route: {}->http://10.249.237.149:9020][total kept alive: 1; route allocated: 1 of 200; total allocated: 1 of 200]
7111       DEBUG [Test worker    ] ObjectConfig: raw path & query: /?null
7111       DEBUG [Test worker    ] ObjectConfig: resolved URI: HTTP://10.249.237.149:9020/
7113       DEBUG [Test worker    ] BucketRequestFilter: URI including bucket: HTTP://10.249.237.149:9020/test-bucket-aws/
7113       DEBUG [Test worker    ] S3AuthUtil: stringToSign:
DELETE


Tue, 3 Feb 2015 19:24:30 UTC
/test-bucket-aws/
7114       DEBUG [Test worker    ] S3AuthUtil: signature:
6BClqdO1i0bmVJPvxx4oI551bKI=
7115       DEBUG [Test worker    ] RequestAddCookies: CookieSpec selected: best-match
7115       DEBUG [Test worker    ] RequestAuthCache: Auth cache not set in the context
7115       DEBUG [Test worker    ] PoolingHttpClientConnectionManager: Connection request: [route: {}->http://10.249.237.149:9020][total kept alive: 1; route allocated: 1 of 200; total allocated: 1 of 200]
7115       DEBUG [Test worker    ] PoolingHttpClientConnectionManager: Connection leased: [id: 1][route: {}->http://10.249.237.149:9020][total kept alive: 0; route allocated: 1 of 200; total allocated: 1 of 200]
7115       DEBUG [Test worker    ] MainClientExec: Stale connection check
7117       DEBUG [Test worker    ] MainClientExec: Executing request DELETE /test-bucket-aws/ HTTP/1.1
7117       DEBUG [Test worker    ] MainClientExec: Proxy auth state: UNCHALLENGED
7117       DEBUG [Test worker    ] headers: http-outgoing-0 >> DELETE /test-bucket-aws/ HTTP/1.1
7117       DEBUG [Test worker    ] headers: http-outgoing-0 >> User-Agent: ECS Java SDK v2.0.4-dev.83+7b5493b
7117       DEBUG [Test worker    ] headers: http-outgoing-0 >> Date: Tue, 3 Feb 2015 19:24:30 UTC
7117       DEBUG [Test worker    ] headers: http-outgoing-0 >> Authorization: AWS root:6BClqdO1i0bmVJPvxx4oI551bKI=
7117       DEBUG [Test worker    ] headers: http-outgoing-0 >> Host: 10.249.237.149:9020
7117       DEBUG [Test worker    ] headers: http-outgoing-0 >> Connection: Keep-Alive
7118       DEBUG [Test worker    ] headers: http-outgoing-0 >> Accept-Encoding: gzip,deflate
7204       DEBUG [Test worker    ] headers: http-outgoing-0 << HTTP/1.1 204 No Content
7204       DEBUG [Test worker    ] headers: http-outgoing-0 << Date: Tue, 03 Feb 2015 19:24:30 GMT
7204       DEBUG [Test worker    ] headers: http-outgoing-0 << Server: ViPR/1.0
7204       DEBUG [Test worker    ] headers: http-outgoing-0 << x-amz-request-id: 0af9ed95:14b4ba4ff77:9f2:17
7204       DEBUG [Test worker    ] headers: http-outgoing-0 << x-amz-id-2: ns1.test-bucket-aws
7204       DEBUG [Test worker    ] headers: http-outgoing-0 << Content-Length: 0
7204       DEBUG [Test worker    ] MainClientExec: Connection can be kept alive indefinitely
7204       DEBUG [Test worker    ] PoolingHttpClientConnectionManager: Connection [id: 1][route: {}->http://10.249.237.149:9020] can be kept alive indefinitely
7204       DEBUG [Test worker    ] PoolingHttpClientConnectionManager: Connection released: [id: 1][route: {}->http://10.249.237.149:9020][total kept alive: 1; route allocated: 1 of 200; total allocated: 1 of 200]
7205       DEBUG [Test worker    ] Host: call complete for 10.249.237.149; duration: 91, queue size: 14, new average: 189
7205       DEBUG [Test worker    ] ObjectConfig: raw path & query: /?null
7205       DEBUG [Test worker    ] ObjectConfig: resolved URI: HTTP://10.249.237.149:9020/
7206       DEBUG [Test worker    ] BucketRequestFilter: URI including bucket: HTTP://10.249.237.149:9020/test-bucket-aws/
7206       DEBUG [Test worker    ] S3AuthUtil: stringToSign:
HEAD


Tue, 3 Feb 2015 19:24:30 UTC
/test-bucket-aws/
7207       DEBUG [Test worker    ] S3AuthUtil: signature:
KzJGcrZmpxvRqNZQok0tToLAuYM=
7207       DEBUG [Test worker    ] RequestAddCookies: CookieSpec selected: best-match
7207       DEBUG [Test worker    ] RequestAuthCache: Auth cache not set in the context
7207       DEBUG [Test worker    ] PoolingHttpClientConnectionManager: Connection request: [route: {}->http://10.249.237.149:9020][total kept alive: 1; route allocated: 1 of 200; total allocated: 1 of 200]
7208       DEBUG [Test worker    ] PoolingHttpClientConnectionManager: Connection leased: [id: 1][route: {}->http://10.249.237.149:9020][total kept alive: 0; route allocated: 1 of 200; total allocated: 1 of 200]
7208       DEBUG [Test worker    ] MainClientExec: Stale connection check
7209       DEBUG [Test worker    ] MainClientExec: Executing request HEAD /test-bucket-aws/ HTTP/1.1
7209       DEBUG [Test worker    ] MainClientExec: Proxy auth state: UNCHALLENGED
7209       DEBUG [Test worker    ] headers: http-outgoing-0 >> HEAD /test-bucket-aws/ HTTP/1.1
7209       DEBUG [Test worker    ] headers: http-outgoing-0 >> User-Agent: ECS Java SDK v2.0.4-dev.83+7b5493b
7209       DEBUG [Test worker    ] headers: http-outgoing-0 >> Date: Tue, 3 Feb 2015 19:24:30 UTC
7209       DEBUG [Test worker    ] headers: http-outgoing-0 >> Authorization: AWS root:KzJGcrZmpxvRqNZQok0tToLAuYM=
7209       DEBUG [Test worker    ] headers: http-outgoing-0 >> Host: 10.249.237.149:9020
7209       DEBUG [Test worker    ] headers: http-outgoing-0 >> Connection: Keep-Alive
7210       DEBUG [Test worker    ] headers: http-outgoing-0 >> Accept-Encoding: gzip,deflate
7263       DEBUG [Test worker    ] headers: http-outgoing-0 << HTTP/1.1 404 Not Found
7263       DEBUG [Test worker    ] headers: http-outgoing-0 << Date: Tue, 3 Feb 2015 19:24:30 GMT
7263       DEBUG [Test worker    ] headers: http-outgoing-0 << x-amz-id-2: 
7263       DEBUG [Test worker    ] headers: http-outgoing-0 << x-amz-request-id: 0af9ed95:14b4ba4ff77:9f2:1e
7263       DEBUG [Test worker    ] headers: http-outgoing-0 << Server: ViPR/1.0
7263       DEBUG [Test worker    ] headers: http-outgoing-0 << Cache-Control: must-revalidate,no-cache,no-store
7263       DEBUG [Test worker    ] headers: http-outgoing-0 << Content-Type: text/html;charset=ISO-8859-1
7263       DEBUG [Test worker    ] headers: http-outgoing-0 << Content-Length: 1283
7263       DEBUG [Test worker    ] MainClientExec: Connection can be kept alive indefinitely
7264       DEBUG [Test worker    ] PoolingHttpClientConnectionManager: Connection [id: 1][route: {}->http://10.249.237.149:9020] can be kept alive indefinitely
7264       DEBUG [Test worker    ] PoolingHttpClientConnectionManager: Connection released: [id: 1][route: {}->http://10.249.237.149:9020][total kept alive: 1; route allocated: 1 of 200; total allocated: 1 of 200]
7266       DEBUG [Test worker    ] Host: call complete for 10.249.237.149; duration: 59, queue size: 15, new average: 180
7279       DEBUG [Test worker    ] ObjectConfig: raw path & query: /?null
7279       DEBUG [Test worker    ] ObjectConfig: resolved URI: HTTP://10.249.237.149:9020/
7279       DEBUG [Test worker    ] S3AuthUtil: stringToSign:
GET


Tue, 3 Feb 2015 19:24:30 UTC
/
7280       DEBUG [Test worker    ] S3AuthUtil: signature:
Zvfno4bO3rrr3nXMUDNgd1WJ3p8=
7280       DEBUG [Test worker    ] RequestAddCookies: CookieSpec selected: best-match
7280       DEBUG [Test worker    ] RequestAuthCache: Auth cache not set in the context
7281       DEBUG [Test worker    ] PoolingHttpClientConnectionManager: Connection request: [route: {}->http://10.249.237.149:9020][total kept alive: 1; route allocated: 1 of 200; total allocated: 1 of 200]
7281       DEBUG [Test worker    ] PoolingHttpClientConnectionManager: Connection leased: [id: 1][route: {}->http://10.249.237.149:9020][total kept alive: 0; route allocated: 1 of 200; total allocated: 1 of 200]
7281       DEBUG [Test worker    ] MainClientExec: Stale connection check
7286       DEBUG [Test worker    ] MainClientExec: Executing request GET / HTTP/1.1
7286       DEBUG [Test worker    ] MainClientExec: Proxy auth state: UNCHALLENGED
7287       DEBUG [Test worker    ] headers: http-outgoing-0 >> GET / HTTP/1.1
7287       DEBUG [Test worker    ] headers: http-outgoing-0 >> User-Agent: ECS Java SDK v2.0.4-dev.83+7b5493b
7287       DEBUG [Test worker    ] headers: http-outgoing-0 >> Date: Tue, 3 Feb 2015 19:24:30 UTC
7287       DEBUG [Test worker    ] headers: http-outgoing-0 >> Authorization: AWS root:Zvfno4bO3rrr3nXMUDNgd1WJ3p8=
7287       DEBUG [Test worker    ] headers: http-outgoing-0 >> Host: 10.249.237.149:9020
7287       DEBUG [Test worker    ] headers: http-outgoing-0 >> Connection: Keep-Alive
7287       DEBUG [Test worker    ] headers: http-outgoing-0 >> Accept-Encoding: gzip,deflate
7527       DEBUG [Test worker    ] headers: http-outgoing-0 << HTTP/1.1 200 OK
7527       DEBUG [Test worker    ] headers: http-outgoing-0 << Date: Tue, 03 Feb 2015 19:24:31 GMT
7527       DEBUG [Test worker    ] headers: http-outgoing-0 << Server: ViPR/1.0
7527       DEBUG [Test worker    ] headers: http-outgoing-0 << x-amz-request-id: 0af9ed95:14b4ba4ff77:9f3:3c
7527       DEBUG [Test worker    ] headers: http-outgoing-0 << x-amz-id-2: 
7528       DEBUG [Test worker    ] headers: http-outgoing-0 << Content-Type: application/xml
7528       DEBUG [Test worker    ] headers: http-outgoing-0 << Content-Length: 365
7528       DEBUG [Test worker    ] MainClientExec: Connection can be kept alive indefinitely
7528       DEBUG [Test worker    ] Host: call complete for 10.249.237.149; duration: 248, queue size: 16, new average: 184
7533       DEBUG [Test worker    ] PoolingHttpClientConnectionManager: Connection [id: 1][route: {}->http://10.249.237.149:9020] can be kept alive indefinitely
7533       DEBUG [Test worker    ] PoolingHttpClientConnectionManager: Connection released: [id: 1][route: {}->http://10.249.237.149:9020][total kept alive: 1; route allocated: 1 of 200; total allocated: 1 of 200]
7534       DEBUG [Test worker    ] ObjectConfig: raw path & query: /?null
7534       DEBUG [Test worker    ] ObjectConfig: resolved URI: HTTP://10.249.237.149:9020/
7535       DEBUG [Test worker    ] BucketRequestFilter: URI including bucket: HTTP://10.249.237.149:9020/multipart-list-bucket/
7536       DEBUG [Test worker    ] S3AuthUtil: stringToSign:
PUT

text/plain
Tue, 3 Feb 2015 19:24:30 UTC
/multipart-list-bucket/
7537       DEBUG [Test worker    ] S3AuthUtil: signature:
qsYlk+43+P0TZSJGFhVjpLSMYt4=
7538       DEBUG [Test worker    ] RequestAddCookies: CookieSpec selected: best-match
7539       DEBUG [Test worker    ] RequestAuthCache: Auth cache not set in the context
7539       DEBUG [Test worker    ] PoolingHttpClientConnectionManager: Connection request: [route: {}->http://10.249.237.149:9020][total kept alive: 1; route allocated: 1 of 200; total allocated: 1 of 200]
7539       DEBUG [Test worker    ] PoolingHttpClientConnectionManager: Connection leased: [id: 1][route: {}->http://10.249.237.149:9020][total kept alive: 0; route allocated: 1 of 200; total allocated: 1 of 200]
7539       DEBUG [Test worker    ] MainClientExec: Stale connection check
7541       DEBUG [Test worker    ] MainClientExec: Executing request PUT /multipart-list-bucket/ HTTP/1.1
7541       DEBUG [Test worker    ] MainClientExec: Proxy auth state: UNCHALLENGED
7542       DEBUG [Test worker    ] headers: http-outgoing-0 >> PUT /multipart-list-bucket/ HTTP/1.1
7542       DEBUG [Test worker    ] headers: http-outgoing-0 >> Content-Type: text/plain
7542       DEBUG [Test worker    ] headers: http-outgoing-0 >> User-Agent: ECS Java SDK v2.0.4-dev.83+7b5493b
7542       DEBUG [Test worker    ] headers: http-outgoing-0 >> Date: Tue, 3 Feb 2015 19:24:30 UTC
7542       DEBUG [Test worker    ] headers: http-outgoing-0 >> Authorization: AWS root:qsYlk+43+P0TZSJGFhVjpLSMYt4=
7542       DEBUG [Test worker    ] headers: http-outgoing-0 >> Content-Length: 0
7542       DEBUG [Test worker    ] headers: http-outgoing-0 >> Host: 10.249.237.149:9020
7542       DEBUG [Test worker    ] headers: http-outgoing-0 >> Connection: Keep-Alive
7542       DEBUG [Test worker    ] headers: http-outgoing-0 >> Accept-Encoding: gzip,deflate
7631       DEBUG [Test worker    ] headers: http-outgoing-0 << HTTP/1.1 200 OK
7631       DEBUG [Test worker    ] headers: http-outgoing-0 << Date: Tue, 03 Feb 2015 19:24:31 GMT
7631       DEBUG [Test worker    ] headers: http-outgoing-0 << Server: ViPR/1.0
7631       DEBUG [Test worker    ] headers: http-outgoing-0 << x-amz-request-id: 0af9ed95:14b4ba4ff77:9f2:21
7631       DEBUG [Test worker    ] headers: http-outgoing-0 << x-amz-id-2: 82f277642c3c0024730cdacc00c2018624b3e87f90e95d1fde6b54f51b1599bf
7631       DEBUG [Test worker    ] headers: http-outgoing-0 << Location: /multipart-list-bucket
7632       DEBUG [Test worker    ] headers: http-outgoing-0 << Content-Length: 0
7632       DEBUG [Test worker    ] MainClientExec: Connection can be kept alive indefinitely
7632       DEBUG [Test worker    ] Host: call complete for 10.249.237.149; duration: 95, queue size: 17, new average: 179
7632       DEBUG [Test worker    ] PoolingHttpClientConnectionManager: Connection [id: 1][route: {}->http://10.249.237.149:9020] can be kept alive indefinitely
7632       DEBUG [Test worker    ] PoolingHttpClientConnectionManager: Connection released: [id: 1][route: {}->http://10.249.237.149:9020][total kept alive: 1; route allocated: 1 of 200; total allocated: 1 of 200]
7633       DEBUG [Test worker    ] ObjectConfig: raw path & query: /?null
7633       DEBUG [Test worker    ] ObjectConfig: resolved URI: HTTP://10.249.237.149:9020/
7634       DEBUG [Test worker    ] BucketRequestFilter: URI including bucket: HTTP://10.249.237.149:9020/multipart-list-bucket/
7634       DEBUG [Test worker    ] S3AuthUtil: stringToSign:
DELETE


Tue, 3 Feb 2015 19:24:30 UTC
/multipart-list-bucket/
7634       DEBUG [Test worker    ] S3AuthUtil: signature:
fK9JL/+JTB2nPtF9b/i51PQ/14w=
7635       DEBUG [Test worker    ] RequestAddCookies: CookieSpec selected: best-match
7635       DEBUG [Test worker    ] RequestAuthCache: Auth cache not set in the context
7636       DEBUG [Test worker    ] PoolingHttpClientConnectionManager: Connection request: [route: {}->http://10.249.237.149:9020][total kept alive: 1; route allocated: 1 of 200; total allocated: 1 of 200]
7636       DEBUG [Test worker    ] PoolingHttpClientConnectionManager: Connection leased: [id: 1][route: {}->http://10.249.237.149:9020][total kept alive: 0; route allocated: 1 of 200; total allocated: 1 of 200]
7636       DEBUG [Test worker    ] MainClientExec: Stale connection check
7638       DEBUG [Test worker    ] MainClientExec: Executing request DELETE /multipart-list-bucket/ HTTP/1.1
7638       DEBUG [Test worker    ] MainClientExec: Proxy auth state: UNCHALLENGED
7638       DEBUG [Test worker    ] headers: http-outgoing-0 >> DELETE /multipart-list-bucket/ HTTP/1.1
7638       DEBUG [Test worker    ] headers: http-outgoing-0 >> User-Agent: ECS Java SDK v2.0.4-dev.83+7b5493b
7638       DEBUG [Test worker    ] headers: http-outgoing-0 >> Date: Tue, 3 Feb 2015 19:24:30 UTC
7638       DEBUG [Test worker    ] headers: http-outgoing-0 >> Authorization: AWS root:fK9JL/+JTB2nPtF9b/i51PQ/14w=
7638       DEBUG [Test worker    ] headers: http-outgoing-0 >> Host: 10.249.237.149:9020
7638       DEBUG [Test worker    ] headers: http-outgoing-0 >> Connection: Keep-Alive
7639       DEBUG [Test worker    ] headers: http-outgoing-0 >> Accept-Encoding: gzip,deflate
7722       DEBUG [Test worker    ] headers: http-outgoing-0 << HTTP/1.1 204 No Content
7722       DEBUG [Test worker    ] headers: http-outgoing-0 << Date: Tue, 03 Feb 2015 19:24:31 GMT
7722       DEBUG [Test worker    ] headers: http-outgoing-0 << Server: ViPR/1.0
7722       DEBUG [Test worker    ] headers: http-outgoing-0 << x-amz-request-id: 0af9ed95:14b4ba4ff77:9f3:44
7722       DEBUG [Test worker    ] headers: http-outgoing-0 << x-amz-id-2: ns1.multipart-list-bucket
7722       DEBUG [Test worker    ] headers: http-outgoing-0 << Content-Length: 0
7722       DEBUG [Test worker    ] MainClientExec: Connection can be kept alive indefinitely
7722       DEBUG [Test worker    ] PoolingHttpClientConnectionManager: Connection [id: 1][route: {}->http://10.249.237.149:9020] can be kept alive indefinitely
7722       DEBUG [Test worker    ] PoolingHttpClientConnectionManager: Connection released: [id: 1][route: {}->http://10.249.237.149:9020][total kept alive: 1; route allocated: 1 of 200; total allocated: 1 of 200]
7723       DEBUG [Test worker    ] Host: call complete for 10.249.237.149; duration: 88, queue size: 18, new average: 174
]]></system-out>
  <system-err><![CDATA[]]></system-err>
</testsuite>
